190224 16:06:49 [Note] Plugin 'FEDERATED' is disabled.
190224 16:06:49 InnoDB: The InnoDB memory heap is disabled
190224 16:06:49 InnoDB: Mutexes and rw_locks use Windows interlocked functions
190224 16:06:49 InnoDB: Compressed tables use zlib 1.2.3
190224 16:06:49 InnoDB: Initializing buffer pool, size = 128.0M
190224 16:06:49 InnoDB: Completed initialization of buffer pool
190224 16:06:49 InnoDB: highest supported file format is Barracuda.
InnoDB: The log sequence number in ibdata files does not match
InnoDB: the log sequence number in the ib_logfiles!
190224 16:06:49  InnoDB: Database was not shut down normally!
InnoDB: Starting crash recovery.
InnoDB: Reading tablespace information from the .ibd files...
InnoDB: Restoring possible half-written data pages from the doublewrite
InnoDB: buffer...
190224 16:06:50  InnoDB: Waiting for the background threads to start
190224 16:06:51 InnoDB: 1.1.8 started; log sequence number 1595675
190224 16:06:56 [Note] Plugin 'FEDERATED' is disabled.
190224 16:06:56 InnoDB: The InnoDB memory heap is disabled
190224 16:06:56 InnoDB: Mutexes and rw_locks use Windows interlocked functions
190224 16:06:56 InnoDB: Compressed tables use zlib 1.2.3
190224 16:06:56 InnoDB: Initializing buffer pool, size = 128.0M
190224 16:06:56 InnoDB: Completed initialization of buffer pool
190224 16:06:56 InnoDB: highest supported file format is Barracuda.
InnoDB: The log sequence number in ibdata files does not match
InnoDB: the log sequence number in the ib_logfiles!
190224 16:06:56  InnoDB: Database was not shut down normally!
InnoDB: Starting crash recovery.
InnoDB: Reading tablespace information from the .ibd files...
InnoDB: Restoring possible half-written data pages from the doublewrite
InnoDB: buffer...
190224 16:06:57  InnoDB: Waiting for the background threads to start
190224 16:06:58 InnoDB: 1.1.8 started; log sequence number 1595675
190224 16:08:29 [Note] Plugin 'FEDERATED' is disabled.
190224 16:08:29 InnoDB: The InnoDB memory heap is disabled
190224 16:08:29 InnoDB: Mutexes and rw_locks use Windows interlocked functions
190224 16:08:29 InnoDB: Compressed tables use zlib 1.2.3
190224 16:08:29 InnoDB: Initializing buffer pool, size = 128.0M
190224 16:08:29 InnoDB: Completed initialization of buffer pool
190224 16:08:29 InnoDB: highest supported file format is Barracuda.
InnoDB: The log sequence number in ibdata files does not match
InnoDB: the log sequence number in the ib_logfiles!
190224 16:08:29  InnoDB: Database was not shut down normally!
InnoDB: Starting crash recovery.
InnoDB: Reading tablespace information from the .ibd files...
InnoDB: Restoring possible half-written data pages from the doublewrite
InnoDB: buffer...
190224 16:08:29  InnoDB: Waiting for the background threads to start
190224 16:08:30 InnoDB: 1.1.8 started; log sequence number 1595675
190224 16:09:47 [Note] Plugin 'FEDERATED' is disabled.
190224 16:09:47 InnoDB: The InnoDB memory heap is disabled
190224 16:09:47 InnoDB: Mutexes and rw_locks use Windows interlocked functions
190224 16:09:47 InnoDB: Compressed tables use zlib 1.2.3
190224 16:09:47 InnoDB: Initializing buffer pool, size = 128.0M
190224 16:09:47 InnoDB: Completed initialization of buffer pool
190224 16:09:47 InnoDB: highest supported file format is Barracuda.
InnoDB: The log sequence number in ibdata files does not match
InnoDB: the log sequence number in the ib_logfiles!
190224 16:09:47  InnoDB: Database was not shut down normally!
InnoDB: Starting crash recovery.
InnoDB: Reading tablespace information from the .ibd files...
InnoDB: Restoring possible half-written data pages from the doublewrite
InnoDB: buffer...
190224 16:09:47  InnoDB: Waiting for the background threads to start
190224 16:09:48 InnoDB: 1.1.8 started; log sequence number 1595675
