140227 15:18:58 [Note] Plugin 'FEDERATED' is disabled.
140227 15:18:59 InnoDB: The InnoDB memory heap is disabled
140227 15:18:59 InnoDB: Mutexes and rw_locks use Windows interlocked functions
140227 15:18:59 InnoDB: Compressed tables use zlib 1.2.3
140227 15:18:59 InnoDB: Initializing buffer pool, size = 128.0M
140227 15:18:59 InnoDB: Completed initialization of buffer pool
140227 15:18:59 InnoDB: highest supported file format is Barracuda.
InnoDB: The log sequence number in ibdata files does not match
InnoDB: the log sequence number in the ib_logfiles!
140227 15:18:59  InnoDB: Database was not shut down normally!
InnoDB: Starting crash recovery.
InnoDB: Reading tablespace information from the .ibd files...
InnoDB: Restoring possible half-written data pages from the doublewrite
InnoDB: buffer...
140227 15:19:00  InnoDB: Waiting for the background threads to start
140227 15:19:01 InnoDB: 1.1.8 started; log sequence number 1595675
140227 15:19:03 [Note] Event Scheduler: Loaded 0 events
140227 15:19:03 [Note] C:\Users\Administrator\Desktop\新建文件夹 (3)\ha_USBWebserver/mysql/bin/mysqld_usbwv8.exe: ready for connections.
Version: '5.5.20'  socket: ''  port: 3307  MySQL Community Server (GPL)
140227 15:20:20 [Note] Plugin 'FEDERATED' is disabled.
140227 15:20:20 InnoDB: The InnoDB memory heap is disabled
140227 15:20:20 InnoDB: Mutexes and rw_locks use Windows interlocked functions
140227 15:20:20 InnoDB: Compressed tables use zlib 1.2.3
140227 15:20:20 InnoDB: Initializing buffer pool, size = 128.0M
140227 15:20:20 InnoDB: Completed initialization of buffer pool
140227 15:20:21 InnoDB: highest supported file format is Barracuda.
InnoDB: The log sequence number in ibdata files does not match
InnoDB: the log sequence number in the ib_logfiles!
140227 15:20:21  InnoDB: Database was not shut down normally!
InnoDB: Starting crash recovery.
InnoDB: Reading tablespace information from the .ibd files...
InnoDB: Restoring possible half-written data pages from the doublewrite
InnoDB: buffer...
140227 15:20:22  InnoDB: Waiting for the background threads to start
140227 15:20:23 InnoDB: 1.1.8 started; log sequence number 1595675
140227 15:20:23 [Note] Event Scheduler: Loaded 0 events
140227 15:20:23 [Note] C:\Users\Administrator\Desktop\新建文件夹 (3)\ha_USBWebserver/mysql/bin/mysqld_usbwv8.exe: ready for connections.
Version: '5.5.20'  socket: ''  port: 3307  MySQL Community Server (GPL)
