121029 22:37:52 [Note] Plugin 'FEDERATED' is disabled.
121029 22:37:52 InnoDB: The InnoDB memory heap is disabled
121029 22:37:52 InnoDB: Mutexes and rw_locks use Windows interlocked functions
121029 22:37:52 InnoDB: Compressed tables use zlib 1.2.3
121029 22:37:53 InnoDB: Initializing buffer pool, size = 128.0M
121029 22:37:53 InnoDB: Completed initialization of buffer pool
InnoDB: The first specified data file C:\Users\XU\Desktop\8.5\mysql\data\ibdata1 did not exist:
InnoDB: a new database to be created!
121029 22:37:53  InnoDB: Setting file C:\Users\XU\Desktop\8.5\mysql\data\ibdata1 size to 10 MB
InnoDB: Database physically writes the file full: wait...
121029 22:37:53  InnoDB: Log file C:\Users\XU\Desktop\8.5\mysql\data\ib_logfile0 did not exist: new to be created
InnoDB: Setting log file C:\Users\XU\Desktop\8.5\mysql\data\ib_logfile0 size to 5 MB
InnoDB: Database physically writes the file full: wait...
121029 22:37:53  InnoDB: Log file C:\Users\XU\Desktop\8.5\mysql\data\ib_logfile1 did not exist: new to be created
InnoDB: Setting log file C:\Users\XU\Desktop\8.5\mysql\data\ib_logfile1 size to 5 MB
InnoDB: Database physically writes the file full: wait...
InnoDB: Doublewrite buffer not found: creating new
InnoDB: Doublewrite buffer created
InnoDB: 127 rollback segment(s) active.
InnoDB: Creating foreign key constraint system tables
InnoDB: Foreign key constraint system tables created
121029 22:37:55  InnoDB: Waiting for the background threads to start
121029 22:37:56 InnoDB: 1.1.8 started; log sequence number 0
121029 22:37:56 [Note] Event Scheduler: Loaded 0 events
121029 22:37:56 [Note] C:\Users\XU\Desktop\8.5/mysql/bin/mysqld_usbwv8.exe: ready for connections.
Version: '5.5.20'  socket: ''  port: 3307  MySQL Community Server (GPL)
121029 22:45:03 [Note] Plugin 'FEDERATED' is disabled.
121029 22:45:03 InnoDB: The InnoDB memory heap is disabled
121029 22:45:03 InnoDB: Mutexes and rw_locks use Windows interlocked functions
121029 22:45:03 InnoDB: Compressed tables use zlib 1.2.3
121029 22:45:04 InnoDB: Initializing buffer pool, size = 128.0M
121029 22:45:04 InnoDB: Completed initialization of buffer pool
121029 22:45:04 InnoDB: highest supported file format is Barracuda.
InnoDB: The log sequence number in ibdata files does not match
InnoDB: the log sequence number in the ib_logfiles!
121029 22:45:04  InnoDB: Database was not shut down normally!
InnoDB: Starting crash recovery.
InnoDB: Reading tablespace information from the .ibd files...
InnoDB: Restoring possible half-written data pages from the doublewrite
InnoDB: buffer...
121029 22:45:04  InnoDB: Waiting for the background threads to start
121029 22:45:05 InnoDB: 1.1.8 started; log sequence number 1595675
121029 22:45:05 [Note] Event Scheduler: Loaded 0 events
121029 22:45:05 [Note] C:\Users\XU\Desktop\8.5/mysql/bin/mysqld_usbwv8.exe: ready for connections.
Version: '5.5.20'  socket: ''  port: 3307  MySQL Community Server (GPL)
121029 22:46:18 [Note] Plugin 'FEDERATED' is disabled.
121029 22:46:18 InnoDB: The InnoDB memory heap is disabled
121029 22:46:18 InnoDB: Mutexes and rw_locks use Windows interlocked functions
121029 22:46:18 InnoDB: Compressed tables use zlib 1.2.3
121029 22:46:18 InnoDB: Initializing buffer pool, size = 128.0M
121029 22:46:18 InnoDB: Completed initialization of buffer pool
121029 22:46:18 InnoDB: highest supported file format is Barracuda.
InnoDB: The log sequence number in ibdata files does not match
InnoDB: the log sequence number in the ib_logfiles!
121029 22:46:19  InnoDB: Database was not shut down normally!
InnoDB: Starting crash recovery.
InnoDB: Reading tablespace information from the .ibd files...
InnoDB: Restoring possible half-written data pages from the doublewrite
InnoDB: buffer...
121029 22:46:19  InnoDB: Waiting for the background threads to start
121029 22:46:20 InnoDB: 1.1.8 started; log sequence number 1595675
121029 22:46:20 [Note] Event Scheduler: Loaded 0 events
121029 22:46:20 [Note] C:\Users\XU\Desktop\8.5/mysql/bin/mysqld_usbwv8.exe: ready for connections.
Version: '5.5.20'  socket: ''  port: 3307  MySQL Community Server (GPL)
121029 22:47:08 [Note] Plugin 'FEDERATED' is disabled.
121029 22:47:08 InnoDB: The InnoDB memory heap is disabled
121029 22:47:08 InnoDB: Mutexes and rw_locks use Windows interlocked functions
121029 22:47:08 InnoDB: Compressed tables use zlib 1.2.3
121029 22:47:08 InnoDB: Initializing buffer pool, size = 128.0M
121029 22:47:08 InnoDB: Completed initialization of buffer pool
121029 22:47:08 InnoDB: highest supported file format is Barracuda.
InnoDB: The log sequence number in ibdata files does not match
InnoDB: the log sequence number in the ib_logfiles!
121029 22:47:08  InnoDB: Database was not shut down normally!
InnoDB: Starting crash recovery.
InnoDB: Reading tablespace information from the .ibd files...
InnoDB: Restoring possible half-written data pages from the doublewrite
InnoDB: buffer...
121029 22:47:08  InnoDB: Waiting for the background threads to start
121029 22:47:09 InnoDB: 1.1.8 started; log sequence number 1595675
121029 22:47:09 [Note] Event Scheduler: Loaded 0 events
121029 22:47:09 [Note] C:\Users\XU\Desktop\8.5/mysql/bin/mysqld_usbwv8.exe: ready for connections.
Version: '5.5.20'  socket: ''  port: 3307  MySQL Community Server (GPL)
121029 22:49:16 [Note] Plugin 'FEDERATED' is disabled.
121029 22:49:16 InnoDB: The InnoDB memory heap is disabled
121029 22:49:16 InnoDB: Mutexes and rw_locks use Windows interlocked functions
121029 22:49:16 InnoDB: Compressed tables use zlib 1.2.3
121029 22:49:16 InnoDB: Initializing buffer pool, size = 128.0M
121029 22:49:16 InnoDB: Completed initialization of buffer pool
121029 22:49:16 InnoDB: highest supported file format is Barracuda.
InnoDB: The log sequence number in ibdata files does not match
InnoDB: the log sequence number in the ib_logfiles!
121029 22:49:16  InnoDB: Database was not shut down normally!
InnoDB: Starting crash recovery.
InnoDB: Reading tablespace information from the .ibd files...
InnoDB: Restoring possible half-written data pages from the doublewrite
InnoDB: buffer...
121029 22:49:16  InnoDB: Waiting for the background threads to start
121029 22:49:17 InnoDB: 1.1.8 started; log sequence number 1595675
121029 22:49:19 [Note] Plugin 'FEDERATED' is disabled.
121029 22:49:19 InnoDB: The InnoDB memory heap is disabled
121029 22:49:19 InnoDB: Mutexes and rw_locks use Windows interlocked functions
121029 22:49:19 InnoDB: Compressed tables use zlib 1.2.3
121029 22:49:19 InnoDB: Initializing buffer pool, size = 128.0M
121029 22:49:19 InnoDB: Completed initialization of buffer pool
121029 22:49:19 InnoDB: highest supported file format is Barracuda.
InnoDB: The log sequence number in ibdata files does not match
InnoDB: the log sequence number in the ib_logfiles!
121029 22:49:20  InnoDB: Database was not shut down normally!
InnoDB: Starting crash recovery.
InnoDB: Reading tablespace information from the .ibd files...
InnoDB: Restoring possible half-written data pages from the doublewrite
InnoDB: buffer...
121029 22:49:20  InnoDB: Waiting for the background threads to start
121029 22:49:21 InnoDB: 1.1.8 started; log sequence number 1595675
121029 22:49:21 [Note] Event Scheduler: Loaded 0 events
121029 22:49:21 [Note] C:\Users\XU\Desktop\8.5/mysql/bin/mysqld_usbwv8.exe: ready for connections.
Version: '5.5.20'  socket: ''  port: 3307  MySQL Community Server (GPL)
121029 22:50:21 [Note] Plugin 'FEDERATED' is disabled.
121029 22:50:21 InnoDB: The InnoDB memory heap is disabled
121029 22:50:21 InnoDB: Mutexes and rw_locks use Windows interlocked functions
121029 22:50:21 InnoDB: Compressed tables use zlib 1.2.3
121029 22:50:21 InnoDB: Initializing buffer pool, size = 128.0M
121029 22:50:21 InnoDB: Completed initialization of buffer pool
121029 22:50:22 InnoDB: highest supported file format is Barracuda.
InnoDB: The log sequence number in ibdata files does not match
InnoDB: the log sequence number in the ib_logfiles!
121029 22:50:22  InnoDB: Database was not shut down normally!
InnoDB: Starting crash recovery.
InnoDB: Reading tablespace information from the .ibd files...
InnoDB: Restoring possible half-written data pages from the doublewrite
InnoDB: buffer...
121029 22:50:22  InnoDB: Waiting for the background threads to start
121029 22:50:23 InnoDB: 1.1.8 started; log sequence number 1595675
121029 22:50:23 [Note] Event Scheduler: Loaded 0 events
121029 22:50:23 [Note] C:\Users\XU\Desktop\8.5/mysql/bin/mysqld_usbwv8.exe: ready for connections.
Version: '5.5.20'  socket: ''  port: 3307  MySQL Community Server (GPL)
121029 22:51:47 [Note] Plugin 'FEDERATED' is disabled.
121029 22:51:47 InnoDB: The InnoDB memory heap is disabled
121029 22:51:47 InnoDB: Mutexes and rw_locks use Windows interlocked functions
121029 22:51:47 InnoDB: Compressed tables use zlib 1.2.3
121029 22:51:47 InnoDB: Initializing buffer pool, size = 128.0M
121029 22:51:47 InnoDB: Completed initialization of buffer pool
121029 22:51:47 InnoDB: highest supported file format is Barracuda.
InnoDB: The log sequence number in ibdata files does not match
InnoDB: the log sequence number in the ib_logfiles!
121029 22:51:47  InnoDB: Database was not shut down normally!
InnoDB: Starting crash recovery.
InnoDB: Reading tablespace information from the .ibd files...
InnoDB: Restoring possible half-written data pages from the doublewrite
InnoDB: buffer...
121029 22:51:47  InnoDB: Waiting for the background threads to start
121029 22:51:48 InnoDB: 1.1.8 started; log sequence number 1595675
121029 22:51:48 [Note] Event Scheduler: Loaded 0 events
121029 22:51:48 [Note] C:\Users\XU\Desktop\8.5/mysql/bin/mysqld_usbwv8.exe: ready for connections.
Version: '5.5.20'  socket: ''  port: 3307  MySQL Community Server (GPL)
121029 22:59:04 [Note] Plugin 'FEDERATED' is disabled.
121029 22:59:04 InnoDB: The InnoDB memory heap is disabled
121029 22:59:04 InnoDB: Mutexes and rw_locks use Windows interlocked functions
121029 22:59:04 InnoDB: Compressed tables use zlib 1.2.3
121029 22:59:05 InnoDB: Initializing buffer pool, size = 128.0M
121029 22:59:05 InnoDB: Completed initialization of buffer pool
121029 22:59:05 InnoDB: highest supported file format is Barracuda.
InnoDB: The log sequence number in ibdata files does not match
InnoDB: the log sequence number in the ib_logfiles!
121029 22:59:05  InnoDB: Database was not shut down normally!
InnoDB: Starting crash recovery.
InnoDB: Reading tablespace information from the .ibd files...
InnoDB: Restoring possible half-written data pages from the doublewrite
InnoDB: buffer...
121029 22:59:05  InnoDB: Waiting for the background threads to start
121029 22:59:06 InnoDB: 1.1.8 started; log sequence number 1595675
121029 22:59:06 [Note] Event Scheduler: Loaded 0 events
121029 22:59:06 [Note] C:\Users\XU\Desktop\8.5/mysql/bin/mysqld_usbwv8.exe: ready for connections.
Version: '5.5.20'  socket: ''  port: 3307  MySQL Community Server (GPL)
121029 23:12:57 [Note] Plugin 'FEDERATED' is disabled.
121029 23:12:57 InnoDB: The InnoDB memory heap is disabled
121029 23:12:57 InnoDB: Mutexes and rw_locks use Windows interlocked functions
121029 23:12:57 InnoDB: Compressed tables use zlib 1.2.3
121029 23:12:57 InnoDB: Initializing buffer pool, size = 128.0M
121029 23:12:57 InnoDB: Completed initialization of buffer pool
121029 23:12:57 InnoDB: highest supported file format is Barracuda.
InnoDB: The log sequence number in ibdata files does not match
InnoDB: the log sequence number in the ib_logfiles!
121029 23:12:57  InnoDB: Database was not shut down normally!
InnoDB: Starting crash recovery.
InnoDB: Reading tablespace information from the .ibd files...
InnoDB: Restoring possible half-written data pages from the doublewrite
InnoDB: buffer...
121029 23:12:57  InnoDB: Waiting for the background threads to start
121029 23:12:58 InnoDB: 1.1.8 started; log sequence number 1595675
121029 23:12:58 [Note] Event Scheduler: Loaded 0 events
121029 23:12:58 [Note] C:\Users\XU\Desktop\8.5/mysql/bin/mysqld_usbwv8.exe: ready for connections.
Version: '5.5.20'  socket: ''  port: 3307  MySQL Community Server (GPL)
121029 23:14:36 [Note] Plugin 'FEDERATED' is disabled.
121029 23:14:36 InnoDB: The InnoDB memory heap is disabled
121029 23:14:36 InnoDB: Mutexes and rw_locks use Windows interlocked functions
121029 23:14:36 InnoDB: Compressed tables use zlib 1.2.3
121029 23:14:36 InnoDB: Initializing buffer pool, size = 128.0M
121029 23:14:36 InnoDB: Completed initialization of buffer pool
121029 23:14:36 InnoDB: highest supported file format is Barracuda.
InnoDB: The log sequence number in ibdata files does not match
InnoDB: the log sequence number in the ib_logfiles!
121029 23:14:36  InnoDB: Database was not shut down normally!
InnoDB: Starting crash recovery.
InnoDB: Reading tablespace information from the .ibd files...
InnoDB: Restoring possible half-written data pages from the doublewrite
InnoDB: buffer...
121029 23:14:36  InnoDB: Waiting for the background threads to start
121029 23:14:37 InnoDB: 1.1.8 started; log sequence number 1595675
121029 23:14:37 [Note] Event Scheduler: Loaded 0 events
121029 23:14:37 [Note] C:\Users\XU\Desktop\8.5/mysql/bin/mysqld_usbwv8.exe: ready for connections.
Version: '5.5.20'  socket: ''  port: 3307  MySQL Community Server (GPL)
121029 23:14:55 [Note] Plugin 'FEDERATED' is disabled.
121029 23:14:55 InnoDB: The InnoDB memory heap is disabled
121029 23:14:55 InnoDB: Mutexes and rw_locks use Windows interlocked functions
121029 23:14:55 InnoDB: Compressed tables use zlib 1.2.3
121029 23:14:55 InnoDB: Initializing buffer pool, size = 128.0M
121029 23:14:55 InnoDB: Completed initialization of buffer pool
121029 23:14:55 InnoDB: highest supported file format is Barracuda.
InnoDB: The log sequence number in ibdata files does not match
InnoDB: the log sequence number in the ib_logfiles!
121029 23:14:55  InnoDB: Database was not shut down normally!
InnoDB: Starting crash recovery.
InnoDB: Reading tablespace information from the .ibd files...
InnoDB: Restoring possible half-written data pages from the doublewrite
InnoDB: buffer...
121029 23:14:55  InnoDB: Waiting for the background threads to start
121029 23:14:56 InnoDB: 1.1.8 started; log sequence number 1595675
121029 23:14:56 [Note] Event Scheduler: Loaded 0 events
121029 23:14:56 [Note] C:\Users\XU\Desktop\8.5/mysql/bin/mysqld_usbwv8.exe: ready for connections.
Version: '5.5.20'  socket: ''  port: 3307  MySQL Community Server (GPL)
121029 23:15:47 [Note] Plugin 'FEDERATED' is disabled.
121029 23:15:47 InnoDB: The InnoDB memory heap is disabled
121029 23:15:47 InnoDB: Mutexes and rw_locks use Windows interlocked functions
121029 23:15:47 InnoDB: Compressed tables use zlib 1.2.3
121029 23:15:47 InnoDB: Initializing buffer pool, size = 128.0M
121029 23:15:47 InnoDB: Completed initialization of buffer pool
121029 23:15:47 InnoDB: highest supported file format is Barracuda.
InnoDB: The log sequence number in ibdata files does not match
InnoDB: the log sequence number in the ib_logfiles!
121029 23:15:47  InnoDB: Database was not shut down normally!
InnoDB: Starting crash recovery.
InnoDB: Reading tablespace information from the .ibd files...
InnoDB: Restoring possible half-written data pages from the doublewrite
InnoDB: buffer...
121029 23:15:47  InnoDB: Waiting for the background threads to start
121029 23:15:48 InnoDB: 1.1.8 started; log sequence number 1595675
121029 23:15:48 [Note] Event Scheduler: Loaded 0 events
121029 23:15:48 [Note] C:\Users\XU\Desktop\8.5/mysql/bin/mysqld_usbwv8.exe: ready for connections.
Version: '5.5.20'  socket: ''  port: 3307  MySQL Community Server (GPL)
121029 23:16:33 [Note] Plugin 'FEDERATED' is disabled.
121029 23:16:33 InnoDB: The InnoDB memory heap is disabled
121029 23:16:33 InnoDB: Mutexes and rw_locks use Windows interlocked functions
121029 23:16:33 InnoDB: Compressed tables use zlib 1.2.3
121029 23:16:33 InnoDB: Initializing buffer pool, size = 128.0M
121029 23:16:33 InnoDB: Completed initialization of buffer pool
121029 23:16:33  InnoDB: Operating system error number 32 in a file operation.
InnoDB: The error means that another program is using InnoDB's files.
InnoDB: This might be a backup or antivirus software or another instance
InnoDB: of MySQL. Please close it to get rid of this error.
121029 23:16:43  InnoDB: Operating system error number 32 in a file operation.
InnoDB: The error means that another program is using InnoDB's files.
InnoDB: This might be a backup or antivirus software or another instance
InnoDB: of MySQL. Please close it to get rid of this error.
121029 23:16:53  InnoDB: Operating system error number 32 in a file operation.
InnoDB: The error means that another program is using InnoDB's files.
InnoDB: This might be a backup or antivirus software or another instance
InnoDB: of MySQL. Please close it to get rid of this error.
121029 23:17:03  InnoDB: Operating system error number 32 in a file operation.
InnoDB: The error means that another program is using InnoDB's files.
InnoDB: This might be a backup or antivirus software or another instance
InnoDB: of MySQL. Please close it to get rid of this error.
121029 23:17:13  InnoDB: Operating system error number 32 in a file operation.
InnoDB: The error means that another program is using InnoDB's files.
InnoDB: This might be a backup or antivirus software or another instance
InnoDB: of MySQL. Please close it to get rid of this error.
121029 23:17:23  InnoDB: Operating system error number 32 in a file operation.
InnoDB: The error means that another program is using InnoDB's files.
InnoDB: This might be a backup or antivirus software or another instance
InnoDB: of MySQL. Please close it to get rid of this error.
121029 23:17:33  InnoDB: Operating system error number 32 in a file operation.
InnoDB: The error means that another program is using InnoDB's files.
InnoDB: This might be a backup or antivirus software or another instance
InnoDB: of MySQL. Please close it to get rid of this error.
121029 23:17:43  InnoDB: Operating system error number 32 in a file operation.
InnoDB: The error means that another program is using InnoDB's files.
InnoDB: This might be a backup or antivirus software or another instance
InnoDB: of MySQL. Please close it to get rid of this error.
121029 23:17:53  InnoDB: Operating system error number 32 in a file operation.
InnoDB: The error means that another program is using InnoDB's files.
InnoDB: This might be a backup or antivirus software or another instance
InnoDB: of MySQL. Please close it to get rid of this error.
121029 23:18:03  InnoDB: Operating system error number 32 in a file operation.
InnoDB: The error means that another program is using InnoDB's files.
InnoDB: This might be a backup or antivirus software or another instance
InnoDB: of MySQL. Please close it to get rid of this error.
121029 23:18:13  InnoDB: Operating system error number 32 in a file operation.
InnoDB: The error means that another program is using InnoDB's files.
InnoDB: This might be a backup or antivirus software or another instance
InnoDB: of MySQL. Please close it to get rid of this error.
121029 23:18:23  InnoDB: Operating system error number 32 in a file operation.
InnoDB: The error means that another program is using InnoDB's files.
InnoDB: This might be a backup or antivirus software or another instance
InnoDB: of MySQL. Please close it to get rid of this error.
121029 23:18:33  InnoDB: Operating system error number 32 in a file operation.
InnoDB: The error means that another program is using InnoDB's files.
InnoDB: This might be a backup or antivirus software or another instance
InnoDB: of MySQL. Please close it to get rid of this error.
121029 23:18:43  InnoDB: Operating system error number 32 in a file operation.
InnoDB: The error means that another program is using InnoDB's files.
InnoDB: This might be a backup or antivirus software or another instance
InnoDB: of MySQL. Please close it to get rid of this error.
121029 23:18:53  InnoDB: Operating system error number 32 in a file operation.
InnoDB: The error means that another program is using InnoDB's files.
InnoDB: This might be a backup or antivirus software or another instance
InnoDB: of MySQL. Please close it to get rid of this error.
121029 23:19:03  InnoDB: Operating system error number 32 in a file operation.
InnoDB: The error means that another program is using InnoDB's files.
InnoDB: This might be a backup or antivirus software or another instance
InnoDB: of MySQL. Please close it to get rid of this error.
121029 23:19:13  InnoDB: Operating system error number 32 in a file operation.
InnoDB: The error means that another program is using InnoDB's files.
InnoDB: This might be a backup or antivirus software or another instance
InnoDB: of MySQL. Please close it to get rid of this error.
121029 23:19:23  InnoDB: Operating system error number 32 in a file operation.
InnoDB: The error means that another program is using InnoDB's files.
InnoDB: This might be a backup or antivirus software or another instance
InnoDB: of MySQL. Please close it to get rid of this error.
121029 23:19:55 [Note] Plugin 'FEDERATED' is disabled.
121029 23:19:55 InnoDB: The InnoDB memory heap is disabled
121029 23:19:55 InnoDB: Mutexes and rw_locks use Windows interlocked functions
121029 23:19:55 InnoDB: Compressed tables use zlib 1.2.3
121029 23:19:55 InnoDB: Initializing buffer pool, size = 128.0M
121029 23:19:55 InnoDB: Completed initialization of buffer pool
121029 23:19:55 InnoDB: highest supported file format is Barracuda.
InnoDB: The log sequence number in ibdata files does not match
InnoDB: the log sequence number in the ib_logfiles!
121029 23:19:55  InnoDB: Database was not shut down normally!
InnoDB: Starting crash recovery.
InnoDB: Reading tablespace information from the .ibd files...
InnoDB: Restoring possible half-written data pages from the doublewrite
InnoDB: buffer...
121029 23:19:55  InnoDB: Waiting for the background threads to start
121029 23:19:56 InnoDB: 1.1.8 started; log sequence number 1595675
121029 23:19:56 [Note] Event Scheduler: Loaded 0 events
121029 23:19:56 [Note] C:\Users\XU\Desktop\8.5/mysql/bin/mysqld_usbwv8.exe: ready for connections.
Version: '5.5.20'  socket: ''  port: 3307  MySQL Community Server (GPL)
