::1 - - [08/Jul/2019:21:01:15 +0800] "GET / HTTP/1.1" 200 995
::1 - - [08/Jul/2019:21:01:27 +0800] "GET /favicon.ico HTTP/1.1" 404 209
::1 - - [08/Jul/2019:21:01:26 +0800] "GET /phpmyadmin/ HTTP/1.1" 200 7428
::1 - - [08/Jul/2019:21:01:42 +0800] "GET /favicon.ico HTTP/1.1" 404 209
::1 - - [08/Jul/2019:21:01:42 +0800] "GET /favicon.ico HTTP/1.1" 404 209
::1 - - [08/Jul/2019:21:01:46 +0800] "GET /111/ HTTP/1.1" 200 2354
::1 - - [08/Jul/2019:21:01:47 +0800] "GET /favicon.ico HTTP/1.1" 404 209
::1 - - [08/Jul/2019:21:02:01 +0800] "POST /111/denglu.php HTTP/1.1" 302 5
::1 - - [08/Jul/2019:21:02:01 +0800] "GET /111/shibai.php HTTP/1.1" 200 950
::1 - - [08/Jul/2019:21:02:13 +0800] "POST /111/denglu.php HTTP/1.1" 302 5
::1 - - [08/Jul/2019:21:02:13 +0800] "GET /111/guanliyuanchenggong.php HTTP/1.1" 200 1044
::1 - - [08/Jul/2019:21:02:15 +0800] "GET /111/yuangongguanli.php HTTP/1.1" 200 3497
::1 - - [08/Jul/2019:21:09:56 +0800] "GET /phpmyadmin/index.php?token=a8fb809faa5bcbcdbd39a2bc621a526b HTTP/1.1" 200 7428
::1 - - [08/Jul/2019:21:09:56 +0800] "GET /phpmyadmin/phpmyadmin.css.php?server=1&token=ba31ad37ea19b0e5c3b29d0a7d66a326&js_frame=right&nocache=3975531999 HTTP/1.1" 200 41672
::1 - - [08/Jul/2019:21:09:56 +0800] "GET /phpmyadmin/js/messages.php?lang=zh_CN&db=&token=ba31ad37ea19b0e5c3b29d0a7d66a326 HTTP/1.1" 200 4959
::1 - - [08/Jul/2019:21:16:40 +0800] "GET /111/yuangongzengjia.php HTTP/1.1" 200 1231
::1 - - [08/Jul/2019:21:18:10 +0800] "GET /111/yuangongguanli.php HTTP/1.1" 200 3497
::1 - - [08/Jul/2019:21:18:34 +0800] "GET /111/yuangongzengjia.php HTTP/1.1" 200 1231
::1 - - [08/Jul/2019:21:19:32 +0800] "GET /111/yuangongguanli.php HTTP/1.1" 200 3497
::1 - - [08/Jul/2019:21:19:34 +0800] "GET /111/gongziguanli.php HTTP/1.1" 200 6485
::1 - - [08/Jul/2019:21:23:15 +0800] "GET /111/gongzixiugaijiemian.php HTTP/1.1" 200 766
::1 - - [08/Jul/2019:21:28:15 +0800] "GET /111/gongziguanli.php HTTP/1.1" 200 6485
::1 - - [08/Jul/2019:21:29:47 +0800] "GET /111/gongziguanli.php HTTP/1.1" 200 6485
::1 - - [08/Jul/2019:21:31:43 +0800] "GET /phpmyadmin/ HTTP/1.1" 200 7428
::1 - - [08/Jul/2019:21:31:44 +0800] "GET /phpmyadmin/phpmyadmin.css.php?server=1&token=c8947d3028a97b0f1f8ef69fa8d19e75&js_frame=right&nocache=3975531999 HTTP/1.1" 200 41672
::1 - - [08/Jul/2019:21:31:44 +0800] "GET /phpmyadmin/js/messages.php?lang=zh_CN&db=&token=c8947d3028a97b0f1f8ef69fa8d19e75 HTTP/1.1" 200 4959
::1 - - [08/Jul/2019:21:31:48 +0800] "POST /phpmyadmin/index.php HTTP/1.1" 302 -
::1 - - [08/Jul/2019:21:31:48 +0800] "GET /phpmyadmin/index.php?token=c8947d3028a97b0f1f8ef69fa8d19e75 HTTP/1.1" 200 2581
::1 - - [08/Jul/2019:21:31:48 +0800] "GET /phpmyadmin/navigation.php?token=c8947d3028a97b0f1f8ef69fa8d19e75 HTTP/1.1" 200 4010
::1 - - [08/Jul/2019:21:31:48 +0800] "GET /phpmyadmin/main.php?token=c8947d3028a97b0f1f8ef69fa8d19e75 HTTP/1.1" 200 38263
::1 - - [08/Jul/2019:21:31:48 +0800] "GET /phpmyadmin/phpmyadmin.css.php?token=c8947d3028a97b0f1f8ef69fa8d19e75&js_frame=left&nocache=5538124707 HTTP/1.1" 200 5861
::1 - - [08/Jul/2019:21:31:48 +0800] "GET /phpmyadmin/phpmyadmin.css.php?server=1&token=c8947d3028a97b0f1f8ef69fa8d19e75&js_frame=right&nocache=5538124707 HTTP/1.1" 200 41672
::1 - - [08/Jul/2019:21:31:50 +0800] "GET /phpmyadmin/server_sql.php?token=c8947d3028a97b0f1f8ef69fa8d19e75 HTTP/1.1" 200 9244
::1 - - [08/Jul/2019:21:31:52 +0800] "GET /phpmyadmin/server_databases.php?token=c8947d3028a97b0f1f8ef69fa8d19e75 HTTP/1.1" 200 33385
::1 - - [08/Jul/2019:21:31:55 +0800] "GET /phpmyadmin/index.php?db=qiye&token=c8947d3028a97b0f1f8ef69fa8d19e75 HTTP/1.1" 200 2617
::1 - - [08/Jul/2019:21:31:55 +0800] "GET /phpmyadmin/navigation.php?token=c8947d3028a97b0f1f8ef69fa8d19e75&db=qiye HTTP/1.1" 200 5990
::1 - - [08/Jul/2019:21:31:55 +0800] "GET /phpmyadmin/db_structure.php?token=c8947d3028a97b0f1f8ef69fa8d19e75&db=qiye HTTP/1.1" 200 21088
::1 - - [08/Jul/2019:21:31:55 +0800] "GET /phpmyadmin/js/messages.php?lang=zh_CN&db=qiye&token=c8947d3028a97b0f1f8ef69fa8d19e75 HTTP/1.1" 200 4963
::1 - - [08/Jul/2019:21:31:58 +0800] "GET /phpmyadmin/sql.php?db=qiye&token=c8947d3028a97b0f1f8ef69fa8d19e75&table=kaoqin&pos=0 HTTP/1.1" 200 19100
::1 - - [08/Jul/2019:21:31:58 +0800] "GET /phpmyadmin/sql.php?db=qiye&token=c8947d3028a97b0f1f8ef69fa8d19e75&table=kaoqin&pos=0 HTTP/1.1" 200 77210
::1 - - [08/Jul/2019:21:36:31 +0800] "GET /111/gongziguanli.php HTTP/1.1" 200 6485
::1 - - [08/Jul/2019:21:36:53 +0800] "GET /favicon.ico HTTP/1.1" 404 209
::1 - - [08/Jul/2019:21:36:54 +0800] "GET /favicon.ico HTTP/1.1" 404 209
::1 - - [08/Jul/2019:21:36:54 +0800] "GET /favicon.ico HTTP/1.1" 404 209
::1 - - [08/Jul/2019:21:36:56 +0800] "GET /111/ HTTP/1.1" 200 2412
::1 - - [08/Jul/2019:21:37:11 +0800] "POST /111/denglu.php HTTP/1.1" 302 5
::1 - - [08/Jul/2019:21:37:11 +0800] "GET /111/guanliyuanchenggong.php HTTP/1.1" 200 1044
::1 - - [08/Jul/2019:21:37:19 +0800] "GET /111/gongziguanli.php HTTP/1.1" 200 6485
::1 - - [08/Jul/2019:21:37:59 +0800] "GET /111/chakankaoqin.html HTTP/1.1" 304 -
::1 - - [08/Jul/2019:21:38:00 +0800] "GET /111/chakankaoqin.html HTTP/1.1" 304 -
::1 - - [08/Jul/2019:21:38:00 +0800] "GET /111/chakankaoqin.html HTTP/1.1" 304 -
::1 - - [08/Jul/2019:21:38:00 +0800] "GET /111/chakankaoqin.html HTTP/1.1" 304 -
::1 - - [08/Jul/2019:21:38:01 +0800] "GET /111/chakankaoqin.html HTTP/1.1" 304 -
::1 - - [08/Jul/2019:21:38:09 +0800] "GET /111/kaoqinguanli.php HTTP/1.1" 200 2434
::1 - - [08/Jul/2019:21:38:40 +0800] "GET /111/gongziguanli.php HTTP/1.1" 200 6485
::1 - - [08/Jul/2019:21:38:43 +0800] "GET /111/yuangongguanli.php HTTP/1.1" 200 3497
::1 - - [08/Jul/2019:21:40:56 +0800] "GET /111/guanliyuanjiemian.html HTTP/1.1" 200 731
::1 - - [08/Jul/2019:21:42:10 +0800] "GET /111/kaoqinguanli.php HTTP/1.1" 404 218
::1 - - [08/Jul/2019:21:42:13 +0800] "GET /111/ HTTP/1.1" 404 202
::1 - - [08/Jul/2019:21:42:17 +0800] "GET /111/ HTTP/1.1" 404 202
::1 - - [08/Jul/2019:21:43:01 +0800] "GET /111/ HTTP/1.1" 200 2354
::1 - - [08/Jul/2019:21:43:11 +0800] "POST /111/denglu.php HTTP/1.1" 302 5
::1 - - [08/Jul/2019:21:43:11 +0800] "GET /111/guanliyuanchenggong.php HTTP/1.1" 200 1044
::1 - - [08/Jul/2019:21:43:12 +0800] "GET /111/guanliyuanjiemian.html HTTP/1.1" 304 -
::1 - - [08/Jul/2019:21:43:52 +0800] "GET /111/guanliyuanjiemian.html HTTP/1.1" 200 725
::1 - - [08/Jul/2019:21:43:53 +0800] "GET /111/kaoqinguanli.php HTTP/1.1" 404 218
::1 - - [08/Jul/2019:21:45:19 +0800] "GET /111/kaoqinguanli.php HTTP/1.1" 200 902
::1 - - [08/Jul/2019:21:46:29 +0800] "GET /111/yuangongguanli.php HTTP/1.1" 200 3497
::1 - - [08/Jul/2019:21:47:46 +0800] "GET /favicon.ico HTTP/1.1" 404 209
::1 - - [08/Jul/2019:21:47:48 +0800] "GET /111/ HTTP/1.1" 200 2412
::1 - - [08/Jul/2019:21:48:00 +0800] "POST /111/denglu.php HTTP/1.1" 302 5
::1 - - [08/Jul/2019:21:48:00 +0800] "GET /111/guanliyuanchenggong.php HTTP/1.1" 200 1044
::1 - - [08/Jul/2019:21:48:01 +0800] "GET /111/guanliyuanjiemian.html HTTP/1.1" 200 732
::1 - - [08/Jul/2019:21:48:03 +0800] "GET /111/yuangongguanli.php HTTP/1.1" 200 3497
::1 - - [08/Jul/2019:21:48:09 +0800] "GET /111/yuangongshanchu.php HTTP/1.1" 200 531
::1 - - [08/Jul/2019:21:48:14 +0800] "POST /111/yuangongshanchuwanch.php HTTP/1.1" 200 1033
::1 - - [08/Jul/2019:21:48:15 +0800] "GET /111/yuangongguanli.php HTTP/1.1" 200 3426
::1 - - [08/Jul/2019:21:48:18 +0800] "GET /111/yuangongzengjia.php HTTP/1.1" 200 1231
::1 - - [08/Jul/2019:21:48:37 +0800] "POST /111/yuangongzengjiawanch.php HTTP/1.1" 200 1021
::1 - - [08/Jul/2019:21:48:38 +0800] "GET /111/yuangongguanli.php HTTP/1.1" 200 3502
::1 - - [08/Jul/2019:21:48:46 +0800] "GET /111/yuangongxiugai.php HTTP/1.1" 200 1214
::1 - - [08/Jul/2019:21:49:08 +0800] "POST /111/xinxixiugaiwanch.php HTTP/1.1" 200 1041
::1 - - [08/Jul/2019:21:49:09 +0800] "GET /111/yuangongguanli.php HTTP/1.1" 200 3502
::1 - - [08/Jul/2019:21:49:18 +0800] "GET /111/yuangongxiugai.php HTTP/1.1" 200 1214
::1 - - [08/Jul/2019:21:49:36 +0800] "POST /111/xinxixiugaiwanch.php HTTP/1.1" 200 1041
::1 - - [08/Jul/2019:21:49:37 +0800] "GET /111/yuangongguanli.php HTTP/1.1" 200 3502
::1 - - [08/Jul/2019:21:51:12 +0800] "GET /111/yuangongguanli.php HTTP/1.1" 200 3502
::1 - - [08/Jul/2019:21:57:18 +0800] "GET /111/ HTTP/1.1" 404 202
::1 - - [08/Jul/2019:21:57:25 +0800] "GET /111/ HTTP/1.1" 200 2412
::1 - - [08/Jul/2019:21:57:35 +0800] "POST /111/denglu.php HTTP/1.1" 302 5
::1 - - [08/Jul/2019:21:57:35 +0800] "GET /111/shibai.php HTTP/1.1" 200 950
::1 - - [08/Jul/2019:21:57:45 +0800] "POST /111/denglu.php HTTP/1.1" 302 5
::1 - - [08/Jul/2019:21:57:45 +0800] "GET /111/guanliyuanchenggong.php HTTP/1.1" 200 1044
::1 - - [08/Jul/2019:21:58:56 +0800] "GET /111/guanliyuanjiemian.html HTTP/1.1" 404 224
::1 - - [08/Jul/2019:21:58:57 +0800] "GET /111/guanliyuanjiemian.html HTTP/1.1" 404 224
::1 - - [08/Jul/2019:21:58:58 +0800] "GET /111/guanliyuanjiemian.html HTTP/1.1" 404 224
::1 - - [08/Jul/2019:21:58:58 +0800] "GET /111/guanliyuanjiemian.html HTTP/1.1" 404 224
::1 - - [08/Jul/2019:21:58:58 +0800] "GET /111/guanliyuanjiemian.html HTTP/1.1" 404 224
::1 - - [08/Jul/2019:21:58:58 +0800] "GET /111/guanliyuanjiemian.html HTTP/1.1" 404 224
::1 - - [08/Jul/2019:21:59:26 +0800] "GET /111/guanliyuanjiemian.html HTTP/1.1" 200 725
::1 - - [08/Jul/2019:21:59:28 +0800] "GET /111/kaoqinguanli.php HTTP/1.1" 200 2434
::1 - - [08/Jul/2019:21:59:36 +0800] "POST /111/kaoqinchaxun.php HTTP/1.1" 200 759
::1 - - [08/Jul/2019:21:59:44 +0800] "POST /111/kaoqinchaxun.php HTTP/1.1" 200 958
::1 - - [08/Jul/2019:21:59:47 +0800] "GET /111/kaoqinguanli.php HTTP/1.1" 200 2434
::1 - - [08/Jul/2019:22:07:52 +0800] "GET /favicon.ico HTTP/1.1" 404 209
::1 - - [08/Jul/2019:22:07:54 +0800] "GET /111/ HTTP/1.1" 200 2412
::1 - - [08/Jul/2019:22:08:21 +0800] "POST /111/denglu.php HTTP/1.1" 302 5
::1 - - [08/Jul/2019:22:08:21 +0800] "GET /111/shibai.php HTTP/1.1" 200 950
::1 - - [08/Jul/2019:22:08:27 +0800] "POST /111/denglu.php HTTP/1.1" 302 5
::1 - - [08/Jul/2019:22:08:27 +0800] "GET /111/shibai.php HTTP/1.1" 200 950
::1 - - [08/Jul/2019:22:09:10 +0800] "POST /111/denglu.php HTTP/1.1" 302 5
::1 - - [08/Jul/2019:22:09:10 +0800] "GET /111/shibai.php HTTP/1.1" 200 950
::1 - - [08/Jul/2019:22:33:22 +0800] "POST /111/denglu.php HTTP/1.1" 302 5
::1 - - [08/Jul/2019:22:33:22 +0800] "GET /111/guanliyuanchenggong.php HTTP/1.1" 200 1044
::1 - - [08/Jul/2019:22:33:23 +0800] "GET /111/guanliyuanjiemian.html HTTP/1.1" 304 -
::1 - - [08/Jul/2019:22:33:25 +0800] "GET /111/yuangongguanli.php HTTP/1.1" 200 3502
::1 - - [08/Jul/2019:22:33:30 +0800] "GET /111/yuangongzengjia.php HTTP/1.1" 200 1231
::1 - - [08/Jul/2019:22:33:35 +0800] "GET /111/yuangongguanli.php HTTP/1.1" 200 3502
::1 - - [08/Jul/2019:22:33:43 +0800] "GET /111/gongziguanli.php HTTP/1.1" 200 6485
::1 - - [08/Jul/2019:22:33:47 +0800] "GET /111/gongzixiugaijiemian.php HTTP/1.1" 200 766
::1 - - [08/Jul/2019:22:33:48 +0800] "GET /111/gongziguanli.php HTTP/1.1" 200 6485
::1 - - [08/Jul/2019:22:33:50 +0800] "GET /111/kaoqinguanli.php HTTP/1.1" 200 2434
::1 - - [09/Jul/2019:09:41:48 +0800] "GET /favicon.ico HTTP/1.1" 404 209
::1 - - [09/Jul/2019:09:41:48 +0800] "GET /favicon.ico HTTP/1.1" 404 209
::1 - - [09/Jul/2019:09:41:50 +0800] "GET /111/ HTTP/1.1" 200 2412
::1 - - [09/Jul/2019:09:41:50 +0800] "GET /favicon.ico HTTP/1.1" 404 209
::1 - - [09/Jul/2019:09:41:52 +0800] "GET /111/denglu.html HTTP/1.1" 200 3606
::1 - - [09/Jul/2019:09:41:52 +0800] "GET /111/Desert.jpg HTTP/1.1" 200 6664596
::1 - - [09/Jul/2019:09:42:04 +0800] "POST /111/denglu.php HTTP/1.1" 302 5
::1 - - [09/Jul/2019:09:42:04 +0800] "GET /111/guanliyuanchenggong.php HTTP/1.1" 200 1044
::1 - - [09/Jul/2019:09:42:05 +0800] "GET /111/guanliyuanjiemian.html HTTP/1.1" 304 -
::1 - - [09/Jul/2019:09:42:53 +0800] "GET /111/yuangongguanli.php HTTP/1.1" 200 3502
::1 - - [09/Jul/2019:09:42:55 +0800] "GET /111/gongziguanli.php HTTP/1.1" 200 6485
::1 - - [09/Jul/2019:09:42:57 +0800] "GET /111/kaoqinguanli.php HTTP/1.1" 200 2434
::1 - - [09/Jul/2019:09:43:01 +0800] "GET /111/kaoqinguanli.php HTTP/1.1" 200 2434
::1 - - [09/Jul/2019:09:43:02 +0800] "GET /111/chakankaoqin.html HTTP/1.1" 200 513
::1 - - [09/Jul/2019:09:43:06 +0800] "GET /111/kaoqinguanli.php HTTP/1.1" 200 2434
::1 - - [09/Jul/2019:09:44:16 +0800] "GET /favicon.ico HTTP/1.1" 404 209
::1 - - [09/Jul/2019:09:44:16 +0800] "GET /favicon.ico HTTP/1.1" 404 209
::1 - - [09/Jul/2019:09:44:18 +0800] "GET /111/ HTTP/1.1" 200 2340
::1 - - [09/Jul/2019:09:44:18 +0800] "GET /favicon.ico HTTP/1.1" 404 209
::1 - - [09/Jul/2019:09:44:27 +0800] "POST /111/denglu.php HTTP/1.1" 302 5
::1 - - [09/Jul/2019:09:44:27 +0800] "GET /111/shibai.php HTTP/1.1" 200 950
::1 - - [09/Jul/2019:09:44:38 +0800] "POST /111/denglu.php HTTP/1.1" 302 5
::1 - - [09/Jul/2019:09:44:38 +0800] "GET /111/shibai.php HTTP/1.1" 200 950
::1 - - [09/Jul/2019:09:44:52 +0800] "POST /111/denglu.php HTTP/1.1" 302 5
::1 - - [09/Jul/2019:09:44:52 +0800] "GET /111/guanliyuanchenggong.php HTTP/1.1" 200 1044
::1 - - [09/Jul/2019:09:45:13 +0800] "GET /111/yuangongguanli.php HTTP/1.1" 200 3502
::1 - - [09/Jul/2019:09:45:15 +0800] "GET /111/gongziguanli.php HTTP/1.1" 200 6485
::1 - - [09/Jul/2019:09:45:17 +0800] "GET /111/kaoqinguanli.php HTTP/1.1" 200 2434
::1 - - [09/Jul/2019:09:45:21 +0800] "GET /111/kaoqinguanli.php HTTP/1.1" 200 2434
::1 - - [09/Jul/2019:09:45:28 +0800] "GET /111/chakankaoqin.html HTTP/1.1" 200 519
::1 - - [09/Jul/2019:09:45:30 +0800] "GET /111/kaoqinguanli.php HTTP/1.1" 200 2434
::1 - - [09/Jul/2019:09:45:31 +0800] "GET /111/kaoqinguanli.php HTTP/1.1" 200 2434
::1 - - [09/Jul/2019:09:45:41 +0800] "POST /111/kaoqinchaxun.php HTTP/1.1" 200 759
::1 - - [09/Jul/2019:09:45:48 +0800] "POST /111/kaoqinchaxun.php HTTP/1.1" 200 958
::1 - - [09/Jul/2019:09:46:07 +0800] "GET /phpmyadmin/ HTTP/1.1" 200 7428
::1 - - [09/Jul/2019:09:46:07 +0800] "GET /phpmyadmin/phpmyadmin.css.php?server=1&token=dafdd6cb458645da5d8f95cef1cf6af0&js_frame=right&nocache=3975531999 HTTP/1.1" 200 41672
::1 - - [09/Jul/2019:09:46:07 +0800] "GET /phpmyadmin/js/messages.php?lang=zh_CN&db=&token=dafdd6cb458645da5d8f95cef1cf6af0 HTTP/1.1" 200 4959
::1 - - [09/Jul/2019:09:46:12 +0800] "POST /phpmyadmin/index.php HTTP/1.1" 302 -
::1 - - [09/Jul/2019:09:46:12 +0800] "GET /phpmyadmin/index.php?token=dafdd6cb458645da5d8f95cef1cf6af0 HTTP/1.1" 200 2581
::1 - - [09/Jul/2019:09:46:12 +0800] "GET /phpmyadmin/navigation.php?token=dafdd6cb458645da5d8f95cef1cf6af0 HTTP/1.1" 200 4010
::1 - - [09/Jul/2019:09:46:12 +0800] "GET /phpmyadmin/main.php?token=dafdd6cb458645da5d8f95cef1cf6af0 HTTP/1.1" 200 38263
::1 - - [09/Jul/2019:09:46:13 +0800] "GET /phpmyadmin/phpmyadmin.css.php?token=dafdd6cb458645da5d8f95cef1cf6af0&js_frame=left&nocache=5538168771 HTTP/1.1" 200 5861
::1 - - [09/Jul/2019:09:46:13 +0800] "GET /phpmyadmin/phpmyadmin.css.php?server=1&token=dafdd6cb458645da5d8f95cef1cf6af0&js_frame=right&nocache=5538168771 HTTP/1.1" 200 41672
::1 - - [09/Jul/2019:09:46:15 +0800] "GET /phpmyadmin/server_databases.php?token=dafdd6cb458645da5d8f95cef1cf6af0 HTTP/1.1" 200 33385
::1 - - [09/Jul/2019:09:46:16 +0800] "GET /phpmyadmin/server_sql.php?token=dafdd6cb458645da5d8f95cef1cf6af0 HTTP/1.1" 200 9244
::1 - - [09/Jul/2019:09:46:18 +0800] "GET /phpmyadmin/index.php?db=qiye&token=dafdd6cb458645da5d8f95cef1cf6af0 HTTP/1.1" 200 2617
::1 - - [09/Jul/2019:09:46:18 +0800] "GET /phpmyadmin/index.php?db=qiye&token=dafdd6cb458645da5d8f95cef1cf6af0 HTTP/1.1" 200 2617
::1 - - [09/Jul/2019:09:46:18 +0800] "GET /phpmyadmin/navigation.php?token=dafdd6cb458645da5d8f95cef1cf6af0&db=qiye HTTP/1.1" 200 5990
::1 - - [09/Jul/2019:09:46:18 +0800] "GET /phpmyadmin/db_structure.php?token=dafdd6cb458645da5d8f95cef1cf6af0&db=qiye HTTP/1.1" 200 21088
::1 - - [09/Jul/2019:09:46:19 +0800] "GET /phpmyadmin/js/messages.php?lang=zh_CN&db=qiye&token=dafdd6cb458645da5d8f95cef1cf6af0 HTTP/1.1" 200 4963
::1 - - [09/Jul/2019:09:46:21 +0800] "GET /phpmyadmin/sql.php?db=qiye&token=dafdd6cb458645da5d8f95cef1cf6af0&goto=db_structure.php&table=kaoqin&pos=0 HTTP/1.1" 200 19126
::1 - - [09/Jul/2019:09:46:21 +0800] "GET /phpmyadmin/sql.php?db=qiye&token=dafdd6cb458645da5d8f95cef1cf6af0&goto=db_structure.php&table=kaoqin&pos=0 HTTP/1.1" 200 77236
::1 - - [09/Jul/2019:09:46:36 +0800] "GET /phpmyadmin/tbl_change.php?db=qiye&table=kaoqin&where_clause=%60kaoqin%60.%60shijian%60+%3D+%272019.1.1-07%3A00%27&clause_is_unique=1&sql_query=SELECT+%2A+FROM+%60kaoqin%60&goto=sql.php&default_action=update&token=dafdd6cb458645da5d8f95cef1cf6af0 HTTP/1.1" 200 27472
::1 - - [09/Jul/2019:09:46:36 +0800] "GET /phpmyadmin/js/tbl_change.js?ts=1324451272 HTTP/1.1" 200 6513
::1 - - [09/Jul/2019:09:46:36 +0800] "GET /phpmyadmin/js/jquery/timepicker.js?ts=1324451272 HTTP/1.1" 200 8353
::1 - - [09/Jul/2019:09:46:36 +0800] "GET /phpmyadmin/js/keyhandler.js HTTP/1.1" 200 856
::1 - - [09/Jul/2019:09:46:36 +0800] "GET /phpmyadmin/themes/pmahomme/jquery/images/ui-bg_flat_75_ffffff_40x100.png HTTP/1.1" 200 87
::1 - - [09/Jul/2019:09:46:39 +0800] "GET /phpmyadmin/sql.php?db=qiye&token=dafdd6cb458645da5d8f95cef1cf6af0&goto=db_structure.php&table=kaoqin&pos=0 HTTP/1.1" 200 77236
::1 - - [09/Jul/2019:09:47:09 +0800] "GET /phpmyadmin/tbl_change.php?db=qiye&table=kaoqin&where_clause=%60kaoqin%60.%60shijian%60+%3D+%272019.1.1-07%3A00%27&clause_is_unique=1&sql_query=SELECT+%2A+FROM+%60kaoqin%60&goto=sql.php&default_action=update&token=dafdd6cb458645da5d8f95cef1cf6af0 HTTP/1.1" 200 27472
::1 - - [09/Jul/2019:09:47:26 +0800] "POST /phpmyadmin/tbl_replace.php HTTP/1.1" 200 84043
::1 - - [09/Jul/2019:09:47:30 +0800] "GET /phpmyadmin/tbl_change.php?db=qiye&table=kaoqin&where_clause=%60kaoqin%60.%60shijian%60+%3D+%272019.1.1-07%3A02%27&clause_is_unique=1&sql_query=SELECT+%2A+FROM+%60kaoqin%60&goto=sql.php&default_action=update&token=dafdd6cb458645da5d8f95cef1cf6af0 HTTP/1.1" 200 27472
::1 - - [09/Jul/2019:09:47:40 +0800] "POST /phpmyadmin/tbl_replace.php HTTP/1.1" 200 84100
::1 - - [09/Jul/2019:09:51:59 +0800] "GET /111/chakankaoqin.html HTTP/1.1" 304 -
::1 - - [09/Jul/2019:09:52:00 +0800] "GET /111/chakankaoqin.html HTTP/1.1" 304 -
::1 - - [09/Jul/2019:09:52:00 +0800] "GET /111/kaoqinguanli.php HTTP/1.1" 200 2444
::1 - - [09/Jul/2019:09:52:07 +0800] "POST /111/denglu.php HTTP/1.1" 302 5
::1 - - [09/Jul/2019:09:52:07 +0800] "GET /111/guanliyuanchenggong.php HTTP/1.1" 200 1044
::1 - - [09/Jul/2019:09:52:08 +0800] "GET /111/guanliyuanjiemian.html HTTP/1.1" 200 2847
::1 - - [09/Jul/2019:09:52:10 +0800] "GET /111/yuangongguanli.php HTTP/1.1" 200 3502
::1 - - [09/Jul/2019:09:52:13 +0800] "GET /111/gongziguanli.php HTTP/1.1" 200 6485
::1 - - [09/Jul/2019:09:52:27 +0800] "GET /111/yuangongguanli.php HTTP/1.1" 200 3502
::1 - - [09/Jul/2019:09:53:19 +0800] "GET /111/guanliyuanjiemian.html HTTP/1.1" 200 2841
::1 - - [09/Jul/2019:09:53:20 +0800] "GET /111/guanliyuanjiemian.html HTTP/1.1" 304 -
::1 - - [09/Jul/2019:09:53:21 +0800] "GET /111/kaoqinguanli.html HTTP/1.1" 404 219
::1 - - [09/Jul/2019:09:53:52 +0800] "GET /111/kaoqinguanli.html HTTP/1.1" 404 219
::1 - - [09/Jul/2019:09:53:53 +0800] "GET /111/kaoqinguanli.html HTTP/1.1" 404 219
::1 - - [09/Jul/2019:09:53:54 +0800] "GET /111/kaoqinguanli.html HTTP/1.1" 404 219
::1 - - [09/Jul/2019:09:53:58 +0800] "GET /111/kaoqinguanli.html HTTP/1.1" 404 219
::1 - - [09/Jul/2019:09:54:00 +0800] "GET /111/kaoqinguanli.html HTTP/1.1" 404 219
::1 - - [09/Jul/2019:09:54:00 +0800] "GET /111/kaoqinguanli.html HTTP/1.1" 404 219
::1 - - [09/Jul/2019:09:54:01 +0800] "GET /111/kaoqinguanli.html HTTP/1.1" 404 219
::1 - - [09/Jul/2019:09:54:01 +0800] "GET /111/kaoqinguanli.html HTTP/1.1" 404 219
::1 - - [09/Jul/2019:09:54:01 +0800] "GET /111/kaoqinguanli.html HTTP/1.1" 404 219
::1 - - [09/Jul/2019:09:54:01 +0800] "GET /111/kaoqinguanli.html HTTP/1.1" 404 219
::1 - - [09/Jul/2019:09:54:02 +0800] "GET /111/kaoqinguanli.html HTTP/1.1" 404 219
::1 - - [09/Jul/2019:09:54:02 +0800] "GET /111/kaoqinguanli.html HTTP/1.1" 404 219
::1 - - [09/Jul/2019:09:54:02 +0800] "GET /111/kaoqinguanli.html HTTP/1.1" 404 219
::1 - - [09/Jul/2019:09:54:07 +0800] "GET /111/kaoqinguanli.php HTTP/1.1" 200 2444
::1 - - [09/Jul/2019:09:54:31 +0800] "GET /favicon.ico HTTP/1.1" 404 209
::1 - - [09/Jul/2019:09:54:32 +0800] "GET /favicon.ico HTTP/1.1" 404 209
::1 - - [09/Jul/2019:09:54:32 +0800] "GET /favicon.ico HTTP/1.1" 404 209
::1 - - [09/Jul/2019:09:54:34 +0800] "GET /111/ HTTP/1.1" 200 2416
::1 - - [09/Jul/2019:09:54:43 +0800] "POST /111/denglu.php HTTP/1.1" 302 5
::1 - - [09/Jul/2019:09:54:43 +0800] "GET /111/guanliyuanchenggong.php HTTP/1.1" 200 1044
::1 - - [09/Jul/2019:09:54:44 +0800] "GET /111/guanliyuanjiemian.html HTTP/1.1" 200 2840
::1 - - [09/Jul/2019:09:54:46 +0800] "GET /111/kaoqinguanli.php HTTP/1.1" 200 2444
::1 - - [09/Jul/2019:09:54:48 +0800] "GET /111/chakankaoqin.html HTTP/1.1" 304 -
::1 - - [09/Jul/2019:09:54:49 +0800] "GET /111/kaoqinguanli.php HTTP/1.1" 200 2444
::1 - - [09/Jul/2019:09:55:05 +0800] "POST /111/denglu.php HTTP/1.1" 302 5
::1 - - [09/Jul/2019:09:55:05 +0800] "GET /111/shibai.php HTTP/1.1" 200 950
::1 - - [09/Jul/2019:09:55:21 +0800] "POST /111/denglu.php HTTP/1.1" 302 5
::1 - - [09/Jul/2019:09:55:21 +0800] "GET /111/yonghuchenggong.php HTTP/1.1" 200 1044
::1 - - [09/Jul/2019:09:55:22 +0800] "GET /111/yonghujiemian.html HTTP/1.1" 200 594
::1 - - [09/Jul/2019:10:00:19 +0800] "POST /111/denglu.php HTTP/1.1" 302 5
::1 - - [09/Jul/2019:10:00:19 +0800] "GET /111/guanliyuanchenggong.php HTTP/1.1" 200 1044
::1 - - [09/Jul/2019:10:00:20 +0800] "GET /111/guanliyuanjiemian.html HTTP/1.1" 304 -
::1 - - [09/Jul/2019:10:00:22 +0800] "GET /111/yuangongguanli.php HTTP/1.1" 200 3502
::1 - - [09/Jul/2019:10:00:26 +0800] "GET /111/gongziguanli.php HTTP/1.1" 200 6485
::1 - - [09/Jul/2019:10:00:30 +0800] "GET /111/kaoqinguanli.php HTTP/1.1" 200 2444
::1 - - [09/Jul/2019:10:04:33 +0800] "GET /favicon.ico HTTP/1.1" 404 209
::1 - - [09/Jul/2019:10:04:33 +0800] "GET /favicon.ico HTTP/1.1" 404 209
::1 - - [09/Jul/2019:10:04:37 +0800] "GET /111/ HTTP/1.1" 200 2484
::1 - - [09/Jul/2019:10:04:37 +0800] "GET /favicon.ico HTTP/1.1" 404 209
::1 - - [09/Jul/2019:10:04:54 +0800] "POST /111/denglu.php HTTP/1.1" 302 5
::1 - - [09/Jul/2019:10:04:54 +0800] "GET /111/guanliyuanchenggong.php HTTP/1.1" 200 1044
::1 - - [09/Jul/2019:10:04:55 +0800] "GET /111/guanliyuanjiemian.html HTTP/1.1" 304 -
::1 - - [09/Jul/2019:10:05:17 +0800] "POST /111/denglu.php HTTP/1.1" 302 5
::1 - - [09/Jul/2019:10:05:17 +0800] "GET /111/shibai.php HTTP/1.1" 200 950
::1 - - [09/Jul/2019:10:05:35 +0800] "POST /111/denglu.php HTTP/1.1" 302 5
::1 - - [09/Jul/2019:10:05:35 +0800] "GET /111/yonghuchenggong.php HTTP/1.1" 200 1044
::1 - - [09/Jul/2019:10:05:38 +0800] "GET /111/yonghujiemian.html HTTP/1.1" 200 2608
::1 - - [09/Jul/2019:10:05:39 +0800] "GET /111/yonghujiemian.html HTTP/1.1" 304 -
::1 - - [09/Jul/2019:10:05:47 +0800] "GET /111/gongzichaxun.php HTTP/1.1" 200 1111
::1 - - [09/Jul/2019:10:07:46 +0800] "POST /111/denglu.php HTTP/1.1" 302 5
::1 - - [09/Jul/2019:10:07:46 +0800] "GET /111/guanliyuanchenggong.php HTTP/1.1" 200 1044
::1 - - [09/Jul/2019:10:07:47 +0800] "GET /111/guanliyuanjiemian.html HTTP/1.1" 304 -
::1 - - [09/Jul/2019:10:07:50 +0800] "GET /111/yuangongguanli.php HTTP/1.1" 200 3502
::1 - - [09/Jul/2019:10:07:52 +0800] "GET /111/yuangongzengjia.php HTTP/1.1" 200 1231
::1 - - [09/Jul/2019:10:08:25 +0800] "POST /111/yuangongzengjiawanch.php HTTP/1.1" 200 1021
::1 - - [09/Jul/2019:10:08:26 +0800] "GET /111/yuangongguanli.php HTTP/1.1" 200 3587
::1 - - [09/Jul/2019:10:08:35 +0800] "GET /111/yuangongchazhao.php HTTP/1.1" 200 551
::1 - - [09/Jul/2019:10:08:37 +0800] "GET /111/yuangongguanli.php HTTP/1.1" 200 3587
::1 - - [09/Jul/2019:10:08:39 +0800] "GET /111/yuangongzengjia.php HTTP/1.1" 200 1231
::1 - - [09/Jul/2019:10:12:06 +0800] "GET /111/yuangongguanli.php HTTP/1.1" 200 3587
::1 - - [09/Jul/2019:10:12:08 +0800] "GET /111/yuangongshanchu.php HTTP/1.1" 200 531
::1 - - [09/Jul/2019:10:12:12 +0800] "POST /111/yuangongshanchuwanch.php HTTP/1.1" 200 1033
::1 - - [09/Jul/2019:10:12:13 +0800] "GET /111/yuangongguanli.php HTTP/1.1" 200 3502
::1 - - [09/Jul/2019:10:12:18 +0800] "GET /111/yuangongzengjia.php HTTP/1.1" 200 1231
::1 - - [09/Jul/2019:10:12:31 +0800] "POST /111/yuangongzengjiawanch.php HTTP/1.1" 200 1024
::1 - - [09/Jul/2019:10:12:33 +0800] "GET /111/yuangongguanli.php HTTP/1.1" 200 3574
::1 - - [09/Jul/2019:10:18:14 +0800] "GET /111/guanliyuanjiemian.html HTTP/1.1" 304 -
::1 - - [09/Jul/2019:10:20:43 +0800] "GET /111/gongziguanli.php HTTP/1.1" 200 6485
::1 - - [09/Jul/2019:11:31:51 +0800] "GET /111/gongziguanli.php HTTP/1.1" 200 6485
::1 - - [09/Jul/2019:11:35:39 +0800] "POST /phpmyadmin/index.php HTTP/1.1" 302 -
::1 - - [09/Jul/2019:11:35:39 +0800] "GET /phpmyadmin/index.php?token=6795a79794646af25da73237c2c19d7f&phpMyAdmin=gh383q09va8ba5vgogv7887h8a4pmrv3 HTTP/1.1" 200 2677
::1 - - [09/Jul/2019:11:35:39 +0800] "GET /phpmyadmin/navigation.php?token=6795a79794646af25da73237c2c19d7f&phpMyAdmin=gh383q09va8ba5vgogv7887h8a4pmrv3 HTTP/1.1" 200 4010
::1 - - [09/Jul/2019:11:35:39 +0800] "GET /phpmyadmin/main.php?token=6795a79794646af25da73237c2c19d7f&phpMyAdmin=gh383q09va8ba5vgogv7887h8a4pmrv3 HTTP/1.1" 200 38311
::1 - - [09/Jul/2019:11:35:39 +0800] "GET /phpmyadmin/phpmyadmin.css.php?token=6795a79794646af25da73237c2c19d7f&js_frame=left&nocache=5538175338 HTTP/1.1" 200 5861
::1 - - [09/Jul/2019:11:35:39 +0800] "GET /phpmyadmin/phpmyadmin.css.php?server=1&token=6795a79794646af25da73237c2c19d7f&js_frame=right&nocache=5538175338 HTTP/1.1" 200 41672
::1 - - [09/Jul/2019:11:35:39 +0800] "GET /phpmyadmin/js/messages.php?lang=zh_CN&db=&token=6795a79794646af25da73237c2c19d7f HTTP/1.1" 200 4959
::1 - - [09/Jul/2019:11:35:45 +0800] "GET /phpmyadmin/server_sql.php?token=6795a79794646af25da73237c2c19d7f HTTP/1.1" 200 9244
::1 - - [09/Jul/2019:11:35:46 +0800] "GET /phpmyadmin/server_databases.php?token=6795a79794646af25da73237c2c19d7f HTTP/1.1" 200 33385
::1 - - [09/Jul/2019:11:35:48 +0800] "GET /phpmyadmin/server_sql.php?token=6795a79794646af25da73237c2c19d7f HTTP/1.1" 200 9244
::1 - - [09/Jul/2019:11:35:50 +0800] "GET /phpmyadmin/server_databases.php?token=6795a79794646af25da73237c2c19d7f HTTP/1.1" 200 33385
::1 - - [09/Jul/2019:11:35:51 +0800] "GET /phpmyadmin/server_sql.php?token=6795a79794646af25da73237c2c19d7f HTTP/1.1" 200 9244
::1 - - [09/Jul/2019:11:35:53 +0800] "GET /phpmyadmin/index.php?db=qiye&token=6795a79794646af25da73237c2c19d7f HTTP/1.1" 200 2617
::1 - - [09/Jul/2019:11:35:53 +0800] "GET /phpmyadmin/index.php?db=qiye&token=6795a79794646af25da73237c2c19d7f HTTP/1.1" 200 2617
::1 - - [09/Jul/2019:11:35:53 +0800] "GET /phpmyadmin/navigation.php?token=6795a79794646af25da73237c2c19d7f&db=qiye HTTP/1.1" 200 5990
::1 - - [09/Jul/2019:11:35:53 +0800] "GET /phpmyadmin/db_structure.php?token=6795a79794646af25da73237c2c19d7f&db=qiye HTTP/1.1" 200 21088
::1 - - [09/Jul/2019:11:35:54 +0800] "GET /phpmyadmin/js/messages.php?lang=zh_CN&db=qiye&token=6795a79794646af25da73237c2c19d7f HTTP/1.1" 200 4963
::1 - - [09/Jul/2019:11:35:54 +0800] "GET /phpmyadmin/themes/pmahomme/img/s_desc.png HTTP/1.1" 200 201
::1 - - [09/Jul/2019:11:35:55 +0800] "GET /phpmyadmin/sql.php?db=qiye&token=6795a79794646af25da73237c2c19d7f&table=denglu&pos=0 HTTP/1.1" 200 102111
::1 - - [09/Jul/2019:11:35:56 +0800] "GET /phpmyadmin/sql.php?db=qiye&token=6795a79794646af25da73237c2c19d7f&table=denglu&pos=0 HTTP/1.1" 200 102111
::1 - - [09/Jul/2019:11:37:19 +0800] "GET /phpmyadmin/sql.php?db=qiye&token=6795a79794646af25da73237c2c19d7f&table=xinshui&pos=0 HTTP/1.1" 200 18392
::1 - - [09/Jul/2019:11:37:19 +0800] "GET /phpmyadmin/sql.php?db=qiye&token=6795a79794646af25da73237c2c19d7f&table=xinshui&pos=0 HTTP/1.1" 200 98639
::1 - - [09/Jul/2019:11:38:37 +0800] "GET /phpmyadmin/sql.php?db=qiye&token=6795a79794646af25da73237c2c19d7f&table=kaoqin&pos=0 HTTP/1.1" 200 77324
::1 - - [09/Jul/2019:11:38:37 +0800] "GET /phpmyadmin/sql.php?db=qiye&token=6795a79794646af25da73237c2c19d7f&table=kaoqin&pos=0 HTTP/1.1" 200 77324
::1 - - [09/Jul/2019:12:48:45 +0800] "GET /111/gongziguanli.php HTTP/1.1" 200 6587
::1 - - [09/Jul/2019:12:48:46 +0800] "GET /111/gongzizengjia.php HTTP/1.1" 404 219
::1 - - [09/Jul/2019:12:48:47 +0800] "GET /111/gongziguanli.php HTTP/1.1" 200 6587
::1 - - [09/Jul/2019:12:53:45 +0800] "-" 408 -
::1 - - [09/Jul/2019:12:53:45 +0800] "-" 408 -
::1 - - [09/Jul/2019:12:53:45 +0800] "-" 408 -
::1 - - [09/Jul/2019:12:53:45 +0800] "-" 408 -
::1 - - [09/Jul/2019:12:53:45 +0800] "-" 408 -
::1 - - [09/Jul/2019:13:02:10 +0800] "GET /111/gongziguanli.php HTTP/1.1" 200 6587
::1 - - [09/Jul/2019:13:02:11 +0800] "GET /111/gongzizengjia.php HTTP/1.1" 404 219
::1 - - [09/Jul/2019:13:02:13 +0800] "GET /111/gongzizengjia.php HTTP/1.1" 404 219
::1 - - [09/Jul/2019:13:02:13 +0800] "GET /111/gongzizengjia.php HTTP/1.1" 404 219
::1 - - [09/Jul/2019:13:02:14 +0800] "GET /111/gongzizengjia.php HTTP/1.1" 404 219
::1 - - [09/Jul/2019:13:02:14 +0800] "GET /111/gongzizengjia.php HTTP/1.1" 404 219
::1 - - [09/Jul/2019:13:02:14 +0800] "GET /111/gongzizengjia.php HTTP/1.1" 404 219
::1 - - [09/Jul/2019:13:02:31 +0800] "GET /111/gongzizengjia.php HTTP/1.1" 404 219
::1 - - [09/Jul/2019:13:02:32 +0800] "GET /111/gongzizengjia.php HTTP/1.1" 404 219
::1 - - [09/Jul/2019:13:02:33 +0800] "GET /111/gongzizengjia.php HTTP/1.1" 404 219
::1 - - [09/Jul/2019:13:02:33 +0800] "GET /111/gongzizengjia.php HTTP/1.1" 404 219
::1 - - [09/Jul/2019:13:02:34 +0800] "GET /111/gongzizengjia.php HTTP/1.1" 404 219
::1 - - [09/Jul/2019:13:02:34 +0800] "GET /111/gongzizengjia.php HTTP/1.1" 404 219
::1 - - [09/Jul/2019:13:02:34 +0800] "GET /111/gongzizengjia.php HTTP/1.1" 404 219
::1 - - [09/Jul/2019:13:02:47 +0800] "GET /111/gongzizengjia.php HTTP/1.1" 404 219
::1 - - [09/Jul/2019:13:02:47 +0800] "GET /111/gongzizengjia.php HTTP/1.1" 404 219
::1 - - [09/Jul/2019:13:02:47 +0800] "GET /111/gongzizengjia.php HTTP/1.1" 404 219
::1 - - [09/Jul/2019:13:02:47 +0800] "GET /111/gongzizengjia.php HTTP/1.1" 404 219
::1 - - [09/Jul/2019:13:02:48 +0800] "GET /111/gongzizengjia.php HTTP/1.1" 404 219
::1 - - [09/Jul/2019:13:02:48 +0800] "GET /111/gongzizengjia.php HTTP/1.1" 404 219
::1 - - [09/Jul/2019:13:02:48 +0800] "GET /111/gongzizengjia.php HTTP/1.1" 404 219
::1 - - [09/Jul/2019:13:03:26 +0800] "GET /favicon.ico HTTP/1.1" 404 209
::1 - - [09/Jul/2019:13:03:27 +0800] "GET /111/ HTTP/1.1" 200 2620
::1 - - [09/Jul/2019:13:03:36 +0800] "POST /111/denglu.php HTTP/1.1" 302 5
::1 - - [09/Jul/2019:13:03:36 +0800] "GET /111/guanliyuanchenggong.php HTTP/1.1" 200 1044
::1 - - [09/Jul/2019:13:03:37 +0800] "GET /111/guanliyuanjiemian.html HTTP/1.1" 304 -
::1 - - [09/Jul/2019:13:03:40 +0800] "GET /111/kaoqinguanli.php HTTP/1.1" 200 2444
::1 - - [09/Jul/2019:13:03:44 +0800] "GET /111/kaoqinguanli.php HTTP/1.1" 200 2444
::1 - - [09/Jul/2019:13:03:46 +0800] "GET /111/kaoqinguanli.php HTTP/1.1" 200 2444
::1 - - [09/Jul/2019:13:05:02 +0800] "GET /111/kaoqinguanli.php HTTP/1.1" 200 2535
::1 - - [09/Jul/2019:13:05:56 +0800] "GET /111/kaoqinguanli.php HTTP/1.1" 200 2535
::1 - - [09/Jul/2019:13:05:57 +0800] "GET /111/chakankaoqin.html HTTP/1.1" 304 -
::1 - - [09/Jul/2019:13:06:08 +0800] "POST /111/kaoqinchaxun.php HTTP/1.1" 200 827
::1 - - [09/Jul/2019:13:06:10 +0800] "GET /111/kaoqinguanli.php HTTP/1.1" 200 2535
::1 - - [09/Jul/2019:13:06:14 +0800] "GET /111/gongziguanli.php HTTP/1.1" 200 6587
::1 - - [09/Jul/2019:13:06:15 +0800] "GET /111/gongzizengjia.php HTTP/1.1" 200 2035
::1 - - [09/Jul/2019:13:06:25 +0800] "POST /111/gongzizengjiawancheng.php HTTP/1.1" 200 1308
::1 - - [09/Jul/2019:13:06:26 +0800] "GET /111/gongziguanliguanli.php HTTP/1.1" 404 224
::1 - - [09/Jul/2019:13:06:35 +0800] "POST /111/gongzizengjiawancheng.php HTTP/1.1" 200 1271
::1 - - [09/Jul/2019:13:06:36 +0800] "GET /111/gongziguanliguanli.php HTTP/1.1" 404 224
::1 - - [09/Jul/2019:13:07:25 +0800] "GET /111/gongziguanliguanli.php HTTP/1.1" 404 224
::1 - - [09/Jul/2019:13:07:26 +0800] "GET /111/gongziguanliguanli.php HTTP/1.1" 404 224
::1 - - [09/Jul/2019:13:07:27 +0800] "GET /111/gongziguanliguanli.php HTTP/1.1" 404 224
::1 - - [09/Jul/2019:13:07:27 +0800] "GET /111/gongziguanliguanli.php HTTP/1.1" 404 224
::1 - - [09/Jul/2019:13:07:27 +0800] "GET /111/gongziguanliguanli.php HTTP/1.1" 404 224
::1 - - [09/Jul/2019:13:07:30 +0800] "POST /111/gongzizengjiawancheng.php HTTP/1.1" 200 1313
::1 - - [09/Jul/2019:13:07:31 +0800] "GET /111/gongziguanli.php HTTP/1.1" 200 6654
::1 - - [09/Jul/2019:13:09:28 +0800] "GET /phpmyadmin/sql.php?db=qiye&token=6795a79794646af25da73237c2c19d7f&table=kaoqin&pos=0 HTTP/1.1" 200 7667
::1 - - [09/Jul/2019:13:09:28 +0800] "GET /phpmyadmin/phpmyadmin.css.php?server=1&token=6795a79794646af25da73237c2c19d7f&js_frame=right&nocache=3975531999 HTTP/1.1" 200 41672
::1 - - [09/Jul/2019:13:09:28 +0800] "GET /phpmyadmin/sql.php?db=qiye&token=6795a79794646af25da73237c2c19d7f&table=kaoqin&pos=0 HTTP/1.1" 200 7667
::1 - - [09/Jul/2019:13:09:28 +0800] "GET /phpmyadmin/sql.php?db=qiye&token=6795a79794646af25da73237c2c19d7f&table=kaoqin&pos=0 HTTP/1.1" 200 7667
::1 - - [09/Jul/2019:13:09:32 +0800] "POST /phpmyadmin/index.php HTTP/1.1" 302 -
::1 - - [09/Jul/2019:13:09:32 +0800] "GET /phpmyadmin/index.php?db=qiye&table=kaoqin&target=sql.php&token=6795a79794646af25da73237c2c19d7f HTTP/1.1" 200 2686
::1 - - [09/Jul/2019:13:09:32 +0800] "GET /phpmyadmin/navigation.php?target=sql.php&token=6795a79794646af25da73237c2c19d7f&db=qiye&table=kaoqin HTTP/1.1" 200 6007
::1 - - [09/Jul/2019:13:09:32 +0800] "GET /phpmyadmin/sql.php?target=sql.php&token=6795a79794646af25da73237c2c19d7f&db=qiye&table=kaoqin HTTP/1.1" 200 77333
::1 - - [09/Jul/2019:13:09:34 +0800] "GET /phpmyadmin/sql.php?db=qiye&token=6795a79794646af25da73237c2c19d7f&table=xinshui&pos=0 HTTP/1.1" 200 98639
::1 - - [09/Jul/2019:13:09:34 +0800] "GET /phpmyadmin/sql.php?db=qiye&token=6795a79794646af25da73237c2c19d7f&table=xinshui&pos=0 HTTP/1.1" 200 98639
::1 - - [09/Jul/2019:13:09:42 +0800] "GET /phpmyadmin/sql.php?db=qiye&token=6795a79794646af25da73237c2c19d7f&table=xinshui&pos=0 HTTP/1.1" 200 98639
::1 - - [09/Jul/2019:13:09:42 +0800] "GET /phpmyadmin/sql.php?db=qiye&token=6795a79794646af25da73237c2c19d7f&table=xinshui&pos=0 HTTP/1.1" 200 98639
::1 - - [09/Jul/2019:13:11:11 +0800] "GET /phpmyadmin/index.php?db=qiye&table=kaoqin&target=sql.php&token=6795a79794646af25da73237c2c19d7f HTTP/1.1" 200 2686
::1 - - [09/Jul/2019:13:11:11 +0800] "GET /phpmyadmin/sql.php?target=sql.php&token=6795a79794646af25da73237c2c19d7f&db=qiye&table=kaoqin HTTP/1.1" 200 77333
::1 - - [09/Jul/2019:13:11:11 +0800] "GET /phpmyadmin/navigation.php?target=sql.php&token=6795a79794646af25da73237c2c19d7f&db=qiye&table=kaoqin HTTP/1.1" 200 6007
::1 - - [09/Jul/2019:13:11:12 +0800] "GET /phpmyadmin/favicon.ico HTTP/1.1" 200 18902
::1 - - [09/Jul/2019:13:11:18 +0800] "GET /phpmyadmin/sql.php?db=qiye&token=6795a79794646af25da73237c2c19d7f&table=xinshui&pos=0 HTTP/1.1" 200 98639
::1 - - [09/Jul/2019:13:11:18 +0800] "GET /phpmyadmin/sql.php?db=qiye&token=6795a79794646af25da73237c2c19d7f&table=xinshui&pos=0 HTTP/1.1" 200 98639
::1 - - [09/Jul/2019:13:11:29 +0800] "POST /phpmyadmin/sql.php?db=qiye&table=xinshui&sql_query=SELECT+%2A+FROM+%60xinshui%60&goto=tbl_structure.php&token=6795a79794646af25da73237c2c19d7f HTTP/1.1" 200 51077
::1 - - [09/Jul/2019:13:11:32 +0800] "GET /phpmyadmin/sql.php?db=qiye&table=xinshui&sql_query=DELETE+FROM+%60qiye%60.%60xinshui%60+WHERE+%60xinshui%60.%60xuhao%60+%3D+72&message_to_show=%E5%B7%B2%E5%88%A0%E9%99%A4%E8%AF%A5%E8%A1%8C&goto=sql.php%3Fdb%3Dqiye%26table%3Dxinshui%26sql_query%3DSELECT%2B%252A%2BFROM%2B%2560xinshui%2560%26message_to_show%3D%25E5%25B7%25B2%25E5%2588%25A0%25E9%2599%25A4%25E8%25AF%25A5%25E8%25A1%258C%26goto%3Dtbl_structure.php%26token%3D6795a79794646af25da73237c2c19d7f&token=6795a79794646af25da73237c2c19d7f&is_js_confirmed=1 HTTP/1.1" 302 -
::1 - - [09/Jul/2019:13:11:33 +0800] "GET /phpmyadmin/sql.php?db=qiye&table=xinshui&sql_query=SELECT+%2A+FROM+%60xinshui%60&message_to_show=%E5%B7%B2%E5%88%A0%E9%99%A4%E8%AF%A5%E8%A1%8C&goto=tbl_structure.php&token=6795a79794646af25da73237c2c19d7f&message=%E5%88%A0%E9%99%A4%E4%BA%86+1+%E8%A1%8C%E3%80%82+%28+%E6%9F%A5%E8%AF%A2%E8%8A%B1%E8%B4%B9+0.0581+%E7%A7%92+%29 HTTP/1.1" 200 56436
::1 - - [09/Jul/2019:13:11:36 +0800] "GET /phpmyadmin/sql.php?db=qiye&table=xinshui&sql_query=DELETE+FROM+%60qiye%60.%60xinshui%60+WHERE+%60xinshui%60.%60xuhao%60+%3D+100&message_to_show=%E5%B7%B2%E5%88%A0%E9%99%A4%E8%AF%A5%E8%A1%8C&goto=sql.php%3Fdb%3Dqiye%26table%3Dxinshui%26sql_query%3DSELECT%2B%252A%2BFROM%2B%2560xinshui%2560%26message_to_show%3D%25E5%25B7%25B2%25E5%2588%25A0%25E9%2599%25A4%25E8%25AF%25A5%25E8%25A1%258C%26goto%3Dtbl_structure.php%26token%3D6795a79794646af25da73237c2c19d7f&token=6795a79794646af25da73237c2c19d7f&is_js_confirmed=1 HTTP/1.1" 302 -
::1 - - [09/Jul/2019:13:11:37 +0800] "GET /phpmyadmin/sql.php?db=qiye&table=xinshui&sql_query=SELECT+%2A+FROM+%60xinshui%60&message_to_show=%E5%B7%B2%E5%88%A0%E9%99%A4%E8%AF%A5%E8%A1%8C&goto=tbl_structure.php&token=6795a79794646af25da73237c2c19d7f&message=%E5%88%A0%E9%99%A4%E4%BA%86+1+%E8%A1%8C%E3%80%82+%28+%E6%9F%A5%E8%AF%A2%E8%8A%B1%E8%B4%B9+0.0460+%E7%A7%92+%29 HTTP/1.1" 200 53972
::1 - - [09/Jul/2019:13:11:49 +0800] "GET /111/gongziguanli.php HTTP/1.1" 200 6521
::1 - - [09/Jul/2019:13:11:55 +0800] "GET /111/yuangongguanli.php HTTP/1.1" 200 3574
::1 - - [09/Jul/2019:13:12:04 +0800] "GET /111/yuangongshanchu.php HTTP/1.1" 200 531
::1 - - [09/Jul/2019:13:12:09 +0800] "POST /111/yuangongshanchuwanch.php HTTP/1.1" 200 1033
::1 - - [09/Jul/2019:13:12:10 +0800] "GET /111/yuangongguanli.php HTTP/1.1" 200 3498
::1 - - [09/Jul/2019:13:12:13 +0800] "GET /111/yuangongshanchu.php HTTP/1.1" 200 531
::1 - - [09/Jul/2019:13:12:21 +0800] "POST /111/yuangongshanchuwanch.php HTTP/1.1" 200 1033
::1 - - [09/Jul/2019:13:12:22 +0800] "GET /111/yuangongguanli.php HTTP/1.1" 200 3498
::1 - - [09/Jul/2019:13:12:25 +0800] "GET /111/yuangongguanli.php HTTP/1.1" 200 3498
::1 - - [09/Jul/2019:13:12:27 +0800] "GET /111/yuangongguanli.php HTTP/1.1" 200 3498
::1 - - [09/Jul/2019:13:12:28 +0800] "GET /111/yuangongguanli.php HTTP/1.1" 200 3498
::1 - - [09/Jul/2019:13:12:28 +0800] "GET /111/yuangongguanli.php HTTP/1.1" 200 3498
::1 - - [09/Jul/2019:13:12:28 +0800] "GET /111/yuangongguanli.php HTTP/1.1" 200 3498
::1 - - [09/Jul/2019:13:12:32 +0800] "GET /111/yuangongshanchu.php HTTP/1.1" 200 531
::1 - - [09/Jul/2019:13:12:35 +0800] "POST /111/yuangongshanchuwanch.php HTTP/1.1" 200 1033
::1 - - [09/Jul/2019:13:12:36 +0800] "GET /111/yuangongguanli.php HTTP/1.1" 200 3498
::1 - - [09/Jul/2019:13:12:40 +0800] "GET /111/yuangongguanli.php HTTP/1.1" 200 3498
::1 - - [09/Jul/2019:13:12:41 +0800] "GET /111/yuangongguanli.php HTTP/1.1" 200 3498
::1 - - [09/Jul/2019:13:12:41 +0800] "GET /111/yuangongguanli.php HTTP/1.1" 200 3498
::1 - - [09/Jul/2019:13:12:41 +0800] "GET /111/yuangongguanli.php HTTP/1.1" 200 3498
::1 - - [09/Jul/2019:13:12:42 +0800] "GET /111/yuangongguanli.php HTTP/1.1" 200 3498
::1 - - [09/Jul/2019:13:12:42 +0800] "GET /111/yuangongguanli.php HTTP/1.1" 200 3498
::1 - - [09/Jul/2019:13:13:35 +0800] "GET /111/yuangongshanchu.php HTTP/1.1" 200 531
::1 - - [09/Jul/2019:13:13:40 +0800] "POST /111/yuangongshanchuwanch.php HTTP/1.1" 200 1140
::1 - - [09/Jul/2019:13:13:41 +0800] "GET /111/yuangongguanli.php HTTP/1.1" 200 3426
::1 - - [09/Jul/2019:13:13:49 +0800] "GET /111/yuangongzengjia.php HTTP/1.1" 200 1231
::1 - - [09/Jul/2019:13:14:04 +0800] "POST /111/yuangongzengjiawanch.php HTTP/1.1" 200 1024
::1 - - [09/Jul/2019:13:14:05 +0800] "GET /111/yuangongguanli.php HTTP/1.1" 200 3500
::1 - - [09/Jul/2019:13:14:10 +0800] "GET /111/kaoqinguanli.php HTTP/1.1" 200 2535
::1 - - [09/Jul/2019:13:14:14 +0800] "GET /111/gongziguanli.php HTTP/1.1" 200 6521
::1 - - [09/Jul/2019:13:14:20 +0800] "GET /111/yuangongguanli.php HTTP/1.1" 200 3500
::1 - - [09/Jul/2019:13:14:21 +0800] "GET /111/yuangongshanchu.php HTTP/1.1" 200 531
::1 - - [09/Jul/2019:13:14:25 +0800] "POST /111/yuangongshanchuwanch.php HTTP/1.1" 200 1140
::1 - - [09/Jul/2019:13:14:26 +0800] "GET /111/yuangongguanli.php HTTP/1.1" 200 3426
::1 - - [09/Jul/2019:13:15:07 +0800] "GET /111/yuangongzengjia.php HTTP/1.1" 200 1231
::1 - - [09/Jul/2019:13:15:26 +0800] "POST /111/yuangongzengjiawanch.php HTTP/1.1" 200 1024
::1 - - [09/Jul/2019:13:15:27 +0800] "GET /111/yuangongguanli.php HTTP/1.1" 200 3501
::1 - - [09/Jul/2019:13:15:29 +0800] "GET /111/yuangongshanchu.php HTTP/1.1" 200 531
::1 - - [09/Jul/2019:13:15:33 +0800] "POST /111/yuangongshanchuwanch.php HTTP/1.1" 200 1140
::1 - - [09/Jul/2019:13:15:34 +0800] "GET /111/yuangongguanli.php HTTP/1.1" 200 3426
::1 - - [09/Jul/2019:13:20:55 +0800] "GET /phpmyadmin/ HTTP/1.1" 200 2581
::1 - - [09/Jul/2019:13:20:55 +0800] "GET /phpmyadmin/navigation.php?token=6795a79794646af25da73237c2c19d7f HTTP/1.1" 200 4010
::1 - - [09/Jul/2019:13:20:55 +0800] "GET /phpmyadmin/main.php?token=6795a79794646af25da73237c2c19d7f HTTP/1.1" 200 38263
::1 - - [09/Jul/2019:13:21:00 +0800] "GET /phpmyadmin/db_structure.php?db=qiye&token=6795a79794646af25da73237c2c19d7f HTTP/1.1" 200 21088
::1 - - [09/Jul/2019:13:21:01 +0800] "GET /phpmyadmin/navigation.php?server=1&token=6795a79794646af25da73237c2c19d7f&db=qiye&table=&lang=zh_CN&collation_connection=utf8_general_ci HTTP/1.1" 200 5990
::1 - - [09/Jul/2019:13:21:02 +0800] "GET /phpmyadmin/db_structure.php?db=qiye&token=6795a79794646af25da73237c2c19d7f HTTP/1.1" 200 17842
::1 - - [09/Jul/2019:13:21:02 +0800] "GET /phpmyadmin/db_structure.php?db=qiye&token=6795a79794646af25da73237c2c19d7f HTTP/1.1" 200 21088
::1 - - [09/Jul/2019:13:21:03 +0800] "GET /phpmyadmin/main.php?token=6795a79794646af25da73237c2c19d7f HTTP/1.1" 200 38263
::1 - - [09/Jul/2019:13:21:03 +0800] "GET /phpmyadmin/navigation.php?server=1&token=6795a79794646af25da73237c2c19d7f&db=&table=&lang=zh_CN&collation_connection=utf8_general_ci HTTP/1.1" 200 4010
::1 - - [09/Jul/2019:13:21:08 +0800] "GET /phpmyadmin/server_export.php?token=6795a79794646af25da73237c2c19d7f HTTP/1.1" 200 36631
::1 - - [09/Jul/2019:13:21:09 +0800] "GET /phpmyadmin/js/export.js?ts=1324451272 HTTP/1.1" 200 5475
::1 - - [09/Jul/2019:13:21:28 +0800] "POST /phpmyadmin/export.php HTTP/1.1" 200 8447
::1 - - [09/Jul/2019:13:21:35 +0800] "POST /phpmyadmin/export.php HTTP/1.1" 200 8447
::1 - - [09/Jul/2019:13:26:09 +0800] "GET /111/guanliyuanjiemian.html HTTP/1.1" 304 -
::1 - - [09/Jul/2019:13:26:11 +0800] "GET /111/yuangongguanli.php HTTP/1.1" 200 3426
::1 - - [09/Jul/2019:13:26:19 +0800] "GET /111/yuangongxiugai.php HTTP/1.1" 200 1214
::1 - - [09/Jul/2019:13:26:20 +0800] "GET /111/yuangongguanli.php HTTP/1.1" 200 3426
::1 - - [09/Jul/2019:13:26:21 +0800] "GET /111/yuangongshanchu.php HTTP/1.1" 200 531
::1 - - [09/Jul/2019:13:26:22 +0800] "GET /111/yuangongguanli.php HTTP/1.1" 200 3426
::1 - - [09/Jul/2019:13:26:23 +0800] "GET /111/yuangongzengjia.php HTTP/1.1" 200 1231
::1 - - [09/Jul/2019:13:26:24 +0800] "GET /111/yuangongguanli.php HTTP/1.1" 200 3426
::1 - - [09/Jul/2019:13:26:25 +0800] "GET /111/yuangongchazhao.php HTTP/1.1" 200 551
::1 - - [09/Jul/2019:13:26:26 +0800] "GET /111/yuangongguanli.php HTTP/1.1" 200 3426
::1 - - [09/Jul/2019:13:26:28 +0800] "GET /111/gongziguanli.php HTTP/1.1" 200 6521
::1 - - [09/Jul/2019:13:26:30 +0800] "GET /111/gongzizengjia.php HTTP/1.1" 200 2035
::1 - - [09/Jul/2019:13:26:31 +0800] "GET /111/gongziguanli.php HTTP/1.1" 200 6521
::1 - - [09/Jul/2019:13:26:32 +0800] "GET /111/gongzixiugaijiemian.php HTTP/1.1" 200 766
::1 - - [09/Jul/2019:13:26:33 +0800] "GET /111/gongziguanli.php HTTP/1.1" 200 6521
::1 - - [09/Jul/2019:13:26:35 +0800] "GET /111/gongzitiaojianchaxun.php HTTP/1.1" 200 661
::1 - - [09/Jul/2019:13:26:36 +0800] "GET /111/gongziguanli.php HTTP/1.1" 200 6521
::1 - - [09/Jul/2019:13:26:38 +0800] "GET /111/kaoqinguanli.php HTTP/1.1" 200 2535
::1 - - [09/Jul/2019:13:26:41 +0800] "GET /111/chakankaoqin.html HTTP/1.1" 304 -
::1 - - [09/Jul/2019:13:26:43 +0800] "GET /111/kaoqinguanli.php HTTP/1.1" 200 2535
::1 - - [09/Jul/2019:13:32:34 +0800] "GET /111/yuangongguanli.php HTTP/1.1" 200 3426
::1 - - [09/Jul/2019:13:32:40 +0800] "GET /111/gongziguanli.php HTTP/1.1" 200 6521
::1 - - [09/Jul/2019:13:32:48 +0800] "GET /111/kaoqinguanli.php HTTP/1.1" 200 2535
::1 - - [09/Jul/2019:13:32:52 +0800] "GET /111/kaoqinguanli.php HTTP/1.1" 200 2535
::1 - - [09/Jul/2019:15:51:40 +0800] "POST /111/denglu.php HTTP/1.1" 302 5
::1 - - [09/Jul/2019:15:51:40 +0800] "GET /111/guanliyuanchenggong.php HTTP/1.1" 200 1044
::1 - - [09/Jul/2019:15:51:41 +0800] "GET /111/guanliyuanjiemian.html HTTP/1.1" 304 -
::1 - - [09/Jul/2019:15:55:18 +0800] "GET /phpmyadmin/server_databases.php?token=6795a79794646af25da73237c2c19d7f HTTP/1.1" 200 7569
::1 - - [09/Jul/2019:15:55:18 +0800] "GET /phpmyadmin/js/messages.php?lang=zh_CN&db=&token=6795a79794646af25da73237c2c19d7f HTTP/1.1" 200 4959
::1 - - [09/Jul/2019:15:55:19 +0800] "GET /phpmyadmin/server_databases.php?token=6795a79794646af25da73237c2c19d7f HTTP/1.1" 200 7569
::1 - - [09/Jul/2019:15:55:22 +0800] "POST /phpmyadmin/index.php HTTP/1.1" 302 -
::1 - - [09/Jul/2019:15:55:22 +0800] "GET /phpmyadmin/index.php?target=server_databases.php&token=6795a79794646af25da73237c2c19d7f HTTP/1.1" 200 2657
::1 - - [09/Jul/2019:15:55:23 +0800] "GET /phpmyadmin/navigation.php?target=server_databases.php&token=6795a79794646af25da73237c2c19d7f HTTP/1.1" 200 4010
::1 - - [09/Jul/2019:15:55:23 +0800] "GET /phpmyadmin/server_databases.php?target=server_databases.php&token=6795a79794646af25da73237c2c19d7f HTTP/1.1" 200 33417
::1 - - [09/Jul/2019:15:55:23 +0800] "GET /phpmyadmin/phpmyadmin.css.php?token=6795a79794646af25da73237c2c19d7f&js_frame=left&nocache=5538175338 HTTP/1.1" 200 5861
::1 - - [09/Jul/2019:15:55:24 +0800] "GET /phpmyadmin/phpmyadmin.css.php?server=1&token=6795a79794646af25da73237c2c19d7f&js_frame=right&nocache=5538175338 HTTP/1.1" 200 41672
::1 - - [09/Jul/2019:15:55:27 +0800] "GET /phpmyadmin/index.php?db=qiye&token=6795a79794646af25da73237c2c19d7f HTTP/1.1" 200 2617
::1 - - [09/Jul/2019:15:55:27 +0800] "GET /phpmyadmin/navigation.php?token=6795a79794646af25da73237c2c19d7f&db=qiye HTTP/1.1" 200 5990
::1 - - [09/Jul/2019:15:55:27 +0800] "GET /phpmyadmin/db_structure.php?token=6795a79794646af25da73237c2c19d7f&db=qiye HTTP/1.1" 200 21088
::1 - - [09/Jul/2019:15:55:28 +0800] "GET /phpmyadmin/js/messages.php?lang=zh_CN&db=qiye&token=6795a79794646af25da73237c2c19d7f HTTP/1.1" 200 4963
::1 - - [09/Jul/2019:15:55:29 +0800] "GET /phpmyadmin/sql.php?db=qiye&token=6795a79794646af25da73237c2c19d7f&table=denglu&pos=0 HTTP/1.1" 200 19463
::1 - - [09/Jul/2019:15:55:29 +0800] "GET /phpmyadmin/sql.php?db=qiye&token=6795a79794646af25da73237c2c19d7f&table=denglu&pos=0 HTTP/1.1" 200 98918
::1 - - [09/Jul/2019:15:55:30 +0800] "GET /phpmyadmin/sql.php?db=qiye&token=6795a79794646af25da73237c2c19d7f&table=kaoqin&pos=0 HTTP/1.1" 200 19100
::1 - - [09/Jul/2019:15:55:30 +0800] "GET /phpmyadmin/sql.php?db=qiye&token=6795a79794646af25da73237c2c19d7f&table=kaoqin&pos=0 HTTP/1.1" 200 77324
::1 - - [09/Jul/2019:15:55:31 +0800] "GET /phpmyadmin/sql.php?db=qiye&token=6795a79794646af25da73237c2c19d7f&table=xinshui&pos=0 HTTP/1.1" 200 18392
::1 - - [09/Jul/2019:15:55:31 +0800] "GET /phpmyadmin/sql.php?db=qiye&token=6795a79794646af25da73237c2c19d7f&table=xinshui&pos=0 HTTP/1.1" 200 98639
::1 - - [09/Jul/2019:15:59:42 +0800] "POST /111/denglu.php HTTP/1.1" 302 5
::1 - - [09/Jul/2019:15:59:42 +0800] "GET /111/shibai.php HTTP/1.1" 200 950
::1 - - [09/Jul/2019:15:59:56 +0800] "POST /111/denglu.php HTTP/1.1" 302 5
::1 - - [09/Jul/2019:15:59:56 +0800] "GET /111/guanliyuanchenggong.php HTTP/1.1" 200 1044
::1 - - [09/Jul/2019:15:59:59 +0800] "GET /111/yuangongguanli.php HTTP/1.1" 200 3426
::1 - - [09/Jul/2019:16:01:31 +0800] "GET /111/gongziguanli.php HTTP/1.1" 200 6521
::1 - - [09/Jul/2019:16:01:49 +0800] "GET /111/kaoqinguanli.php HTTP/1.1" 200 2535
::1 - - [09/Jul/2019:16:02:19 +0800] "GET /phpmyadmin/sql.php?db=qiye&token=6795a79794646af25da73237c2c19d7f&table=denglu&pos=0 HTTP/1.1" 200 98918
::1 - - [09/Jul/2019:16:02:20 +0800] "GET /phpmyadmin/sql.php?db=qiye&token=6795a79794646af25da73237c2c19d7f&table=kaoqin&pos=0 HTTP/1.1" 200 77324
::1 - - [09/Jul/2019:16:02:21 +0800] "GET /phpmyadmin/sql.php?db=qiye&token=6795a79794646af25da73237c2c19d7f&table=xinshui&pos=0 HTTP/1.1" 200 98639
::1 - - [09/Jul/2019:16:04:55 +0800] "GET /111/kaoqinguanli.php HTTP/1.1" 200 2535
::1 - - [09/Jul/2019:16:05:06 +0800] "POST /111/denglu.php HTTP/1.1" 302 5
::1 - - [09/Jul/2019:16:05:06 +0800] "GET /111/shibai.php HTTP/1.1" 200 950
::1 - - [09/Jul/2019:16:05:19 +0800] "POST /111/denglu.php HTTP/1.1" 302 5
::1 - - [09/Jul/2019:16:05:19 +0800] "GET /111/guanliyuanchenggong.php HTTP/1.1" 200 1044
::1 - - [09/Jul/2019:16:05:22 +0800] "GET /111/kaoqinguanli.php HTTP/1.1" 200 2535
::1 - - [09/Jul/2019:16:05:23 +0800] "GET /111/chakankaoqin.html HTTP/1.1" 304 -
::1 - - [09/Jul/2019:16:05:25 +0800] "GET /111/kaoqinguanli.php HTTP/1.1" 200 2535
::1 - - [09/Jul/2019:16:05:29 +0800] "GET /111/gongziguanli.php HTTP/1.1" 200 6521
::1 - - [09/Jul/2019:16:05:38 +0800] "GET /111/gongziguanli.php HTTP/1.1" 200 6521
::1 - - [09/Jul/2019:16:05:48 +0800] "GET /111/yuangongguanli.php HTTP/1.1" 200 3426
::1 - - [09/Jul/2019:16:18:30 +0800] "POST /111/denglu.php HTTP/1.1" 302 5
::1 - - [09/Jul/2019:16:18:30 +0800] "GET /111/shibai.php HTTP/1.1" 200 950
::1 - - [09/Jul/2019:16:18:44 +0800] "POST /111/denglu.php HTTP/1.1" 302 5
::1 - - [09/Jul/2019:16:18:44 +0800] "GET /111/guanliyuanchenggong.php HTTP/1.1" 200 1044
::1 - - [09/Jul/2019:16:18:47 +0800] "GET /111/yuangongguanli.php HTTP/1.1" 200 3426
::1 - - [09/Jul/2019:16:18:58 +0800] "GET /111/gongziguanli.php HTTP/1.1" 200 6521
::1 - - [09/Jul/2019:16:19:08 +0800] "GET /111/kaoqinguanli.php HTTP/1.1" 200 2535
::1 - - [09/Jul/2019:16:19:22 +0800] "GET /111/kaoqinguanli.php HTTP/1.1" 200 2535
::1 - - [09/Jul/2019:16:19:37 +0800] "GET /111/kaoqinguanli.php HTTP/1.1" 200 2535
::1 - - [09/Jul/2019:16:19:59 +0800] "POST /111/denglu.php HTTP/1.1" 302 5
::1 - - [09/Jul/2019:16:19:59 +0800] "GET /111/yonghuchenggong.php HTTP/1.1" 200 1044
::1 - - [09/Jul/2019:16:20:00 +0800] "GET /111/yonghujiemian.html HTTP/1.1" 304 -
::1 - - [09/Jul/2019:16:20:04 +0800] "GET /111/kaoqin.php HTTP/1.1" 200 984
::1 - - [09/Jul/2019:16:20:14 +0800] "GET /phpmyadmin/sql.php?db=qiye&token=6795a79794646af25da73237c2c19d7f&table=kaoqin&pos=0 HTTP/1.1" 200 19100
::1 - - [09/Jul/2019:16:20:15 +0800] "GET /phpmyadmin/sql.php?db=qiye&token=6795a79794646af25da73237c2c19d7f&table=kaoqin&pos=0 HTTP/1.1" 200 79928
::1 - - [09/Jul/2019:16:20:39 +0800] "GET /111/kaoqin.php HTTP/1.1" 200 984
::1 - - [09/Jul/2019:16:21:48 +0800] "GET /111/gongzichaxun.php HTTP/1.1" 200 1111
::1 - - [09/Jul/2019:16:21:53 +0800] "GET /111/kaoqin.php HTTP/1.1" 200 984
::1 - - [09/Jul/2019:18:27:22 +0800] "GET /phpmyadmin/ HTTP/1.1" 200 7558
::1 - - [09/Jul/2019:18:27:22 +0800] "GET /phpmyadmin/phpmyadmin.css.php?server=1&token=6795a79794646af25da73237c2c19d7f&js_frame=right&nocache=3975531999 HTTP/1.1" 200 41672
::1 - - [09/Jul/2019:18:27:29 +0800] "POST /phpmyadmin/index.php HTTP/1.1" 302 -
::1 - - [09/Jul/2019:18:27:30 +0800] "GET /phpmyadmin/index.php?token=6795a79794646af25da73237c2c19d7f HTTP/1.1" 200 2581
::1 - - [09/Jul/2019:18:27:30 +0800] "GET /phpmyadmin/navigation.php?token=6795a79794646af25da73237c2c19d7f HTTP/1.1" 200 4010
::1 - - [09/Jul/2019:18:27:30 +0800] "GET /phpmyadmin/main.php?token=6795a79794646af25da73237c2c19d7f HTTP/1.1" 200 38263
::1 - - [09/Jul/2019:18:27:32 +0800] "GET /phpmyadmin/index.php?db=qiye&token=6795a79794646af25da73237c2c19d7f HTTP/1.1" 200 2617
::1 - - [09/Jul/2019:18:27:33 +0800] "GET /phpmyadmin/db_structure.php?token=6795a79794646af25da73237c2c19d7f&db=qiye HTTP/1.1" 200 21088
::1 - - [09/Jul/2019:18:27:33 +0800] "GET /phpmyadmin/navigation.php?token=6795a79794646af25da73237c2c19d7f&db=qiye HTTP/1.1" 200 5990
::1 - - [09/Jul/2019:18:27:37 +0800] "GET /phpmyadmin/db_export.php?db=qiye&server=1&token=6795a79794646af25da73237c2c19d7f HTTP/1.1" 200 37970
::1 - - [09/Jul/2019:18:28:02 +0800] "POST /phpmyadmin/export.php HTTP/1.1" 200 8518
::1 - - [09/Jul/2019:18:28:45 +0800] "POST /phpmyadmin/export.php HTTP/1.1" 200 8518
