[Mon Jul 08 21:00:37 2019] [notice] Apache/2.2.21 (Win32) PHP/5.3.9 configured -- resuming normal operations
[Mon Jul 08 21:00:37 2019] [notice] Server built: Sep 10 2011 11:34:11
[Mon Jul 08 21:00:37 2019] [notice] Parent: Created child process 6156
[Mon Jul 08 21:00:38 2019] [notice] Child 6156: Child process is running
[Mon Jul 08 21:00:38 2019] [notice] Child 6156: Acquired the start mutex.
[Mon Jul 08 21:00:38 2019] [notice] Child 6156: Starting 64 worker threads.
[Mon Jul 08 21:00:38 2019] [notice] Child 6156: Starting thread to listen on port 80.
[Mon Jul 08 21:00:38 2019] [notice] Child 6156: Starting thread to listen on port 80.
[Mon Jul 08 21:01:27 2019] [error] [client ::1] File does not exist: C:/Users/dell/Desktop/ha_USBWebserver/root/favicon.ico, referer: http://localhost/
[Mon Jul 08 21:01:42 2019] [error] [client ::1] File does not exist: C:/Users/dell/Desktop/ha_USBWebserver/root/favicon.ico
[Mon Jul 08 21:01:42 2019] [error] [client ::1] File does not exist: C:/Users/dell/Desktop/ha_USBWebserver/root/favicon.ico
[Mon Jul 08 21:01:47 2019] [error] [client ::1] File does not exist: C:/Users/dell/Desktop/ha_USBWebserver/root/favicon.ico, referer: http://localhost/111/
[Mon Jul 08 21:36:53 2019] [error] [client ::1] File does not exist: C:/Users/dell/Desktop/ha_USBWebserver/root/favicon.ico
[Mon Jul 08 21:36:54 2019] [error] [client ::1] File does not exist: C:/Users/dell/Desktop/ha_USBWebserver/root/favicon.ico
[Mon Jul 08 21:36:54 2019] [error] [client ::1] File does not exist: C:/Users/dell/Desktop/ha_USBWebserver/root/favicon.ico
[Mon Jul 08 21:42:10 2019] [error] [client ::1] File does not exist: C:/Users/dell/Desktop/ha_USBWebserver/root/111
[Mon Jul 08 21:42:13 2019] [error] [client ::1] File does not exist: C:/Users/dell/Desktop/ha_USBWebserver/root/111
[Mon Jul 08 21:42:17 2019] [error] [client ::1] File does not exist: C:/Users/dell/Desktop/ha_USBWebserver/root/111
[Mon Jul 08 21:43:53 2019] [error] [client ::1] script 'C:/Users/dell/Desktop/ha_USBWebserver/root/111/kaoqinguanli.php' not found or unable to stat, referer: http://localhost/111/guanliyuanjiemian.html
[Mon Jul 08 21:45:19 2019] [error] [client ::1] PHP Notice:  Undefined index: name in C:\\Users\\dell\\Desktop\\ha_USBWebserver\\root\\111\\kaoqinguanli.php on line 30, referer: http://localhost/111/guanliyuanjiemian.html
[Mon Jul 08 21:47:46 2019] [error] [client ::1] File does not exist: C:/Users/dell/Desktop/ha_USBWebserver/root/favicon.ico
[Mon Jul 08 21:57:18 2019] [error] [client ::1] File does not exist: C:/Users/dell/Desktop/ha_USBWebserver/root/111
[Mon Jul 08 21:58:56 2019] [error] [client ::1] File does not exist: C:/Users/dell/Desktop/ha_USBWebserver/root/111, referer: http://localhost/111/guanliyuanchenggong.php
[Mon Jul 08 21:58:57 2019] [error] [client ::1] File does not exist: C:/Users/dell/Desktop/ha_USBWebserver/root/111, referer: http://localhost/111/guanliyuanchenggong.php
[Mon Jul 08 21:58:58 2019] [error] [client ::1] File does not exist: C:/Users/dell/Desktop/ha_USBWebserver/root/111, referer: http://localhost/111/guanliyuanchenggong.php
[Mon Jul 08 21:58:58 2019] [error] [client ::1] File does not exist: C:/Users/dell/Desktop/ha_USBWebserver/root/111, referer: http://localhost/111/guanliyuanchenggong.php
[Mon Jul 08 21:58:58 2019] [error] [client ::1] File does not exist: C:/Users/dell/Desktop/ha_USBWebserver/root/111, referer: http://localhost/111/guanliyuanchenggong.php
[Mon Jul 08 21:58:58 2019] [error] [client ::1] File does not exist: C:/Users/dell/Desktop/ha_USBWebserver/root/111, referer: http://localhost/111/guanliyuanchenggong.php
[Mon Jul 08 22:07:52 2019] [error] [client ::1] File does not exist: C:/Users/dell/Desktop/ha_USBWebserver/root/favicon.ico
[Tue Jul 09 09:41:48 2019] [error] [client ::1] File does not exist: C:/Users/dell/Desktop/ha_USBWebserver/root/favicon.ico
[Tue Jul 09 09:41:48 2019] [error] [client ::1] File does not exist: C:/Users/dell/Desktop/ha_USBWebserver/root/favicon.ico
[Tue Jul 09 09:41:50 2019] [error] [client ::1] File does not exist: C:/Users/dell/Desktop/ha_USBWebserver/root/favicon.ico, referer: http://localhost/111/
[Tue Jul 09 09:44:16 2019] [error] [client ::1] File does not exist: C:/Users/dell/Desktop/ha_USBWebserver/root/favicon.ico
[Tue Jul 09 09:44:16 2019] [error] [client ::1] File does not exist: C:/Users/dell/Desktop/ha_USBWebserver/root/favicon.ico
[Tue Jul 09 09:44:18 2019] [error] [client ::1] File does not exist: C:/Users/dell/Desktop/ha_USBWebserver/root/favicon.ico, referer: http://localhost/111/
[Tue Jul 09 09:53:21 2019] [error] [client ::1] File does not exist: C:/Users/dell/Desktop/ha_USBWebserver/root/111/kaoqinguanli.html, referer: http://localhost/111/guanliyuanjiemian.html
[Tue Jul 09 09:53:52 2019] [error] [client ::1] File does not exist: C:/Users/dell/Desktop/ha_USBWebserver/root/111/kaoqinguanli.html, referer: http://localhost/111/guanliyuanjiemian.html
[Tue Jul 09 09:53:53 2019] [error] [client ::1] File does not exist: C:/Users/dell/Desktop/ha_USBWebserver/root/111/kaoqinguanli.html, referer: http://localhost/111/guanliyuanjiemian.html
[Tue Jul 09 09:53:54 2019] [error] [client ::1] File does not exist: C:/Users/dell/Desktop/ha_USBWebserver/root/111/kaoqinguanli.html, referer: http://localhost/111/guanliyuanjiemian.html
[Tue Jul 09 09:53:58 2019] [error] [client ::1] File does not exist: C:/Users/dell/Desktop/ha_USBWebserver/root/111/kaoqinguanli.html, referer: http://localhost/111/guanliyuanjiemian.html
[Tue Jul 09 09:54:00 2019] [error] [client ::1] File does not exist: C:/Users/dell/Desktop/ha_USBWebserver/root/111/kaoqinguanli.html, referer: http://localhost/111/guanliyuanjiemian.html
[Tue Jul 09 09:54:00 2019] [error] [client ::1] File does not exist: C:/Users/dell/Desktop/ha_USBWebserver/root/111/kaoqinguanli.html, referer: http://localhost/111/guanliyuanjiemian.html
[Tue Jul 09 09:54:01 2019] [error] [client ::1] File does not exist: C:/Users/dell/Desktop/ha_USBWebserver/root/111/kaoqinguanli.html, referer: http://localhost/111/guanliyuanjiemian.html
[Tue Jul 09 09:54:01 2019] [error] [client ::1] File does not exist: C:/Users/dell/Desktop/ha_USBWebserver/root/111/kaoqinguanli.html, referer: http://localhost/111/guanliyuanjiemian.html
[Tue Jul 09 09:54:01 2019] [error] [client ::1] File does not exist: C:/Users/dell/Desktop/ha_USBWebserver/root/111/kaoqinguanli.html, referer: http://localhost/111/guanliyuanjiemian.html
[Tue Jul 09 09:54:01 2019] [error] [client ::1] File does not exist: C:/Users/dell/Desktop/ha_USBWebserver/root/111/kaoqinguanli.html, referer: http://localhost/111/guanliyuanjiemian.html
[Tue Jul 09 09:54:02 2019] [error] [client ::1] File does not exist: C:/Users/dell/Desktop/ha_USBWebserver/root/111/kaoqinguanli.html, referer: http://localhost/111/guanliyuanjiemian.html
[Tue Jul 09 09:54:02 2019] [error] [client ::1] File does not exist: C:/Users/dell/Desktop/ha_USBWebserver/root/111/kaoqinguanli.html, referer: http://localhost/111/guanliyuanjiemian.html
[Tue Jul 09 09:54:02 2019] [error] [client ::1] File does not exist: C:/Users/dell/Desktop/ha_USBWebserver/root/111/kaoqinguanli.html, referer: http://localhost/111/guanliyuanjiemian.html
[Tue Jul 09 09:54:31 2019] [error] [client ::1] File does not exist: C:/Users/dell/Desktop/ha_USBWebserver/root/favicon.ico
[Tue Jul 09 09:54:32 2019] [error] [client ::1] File does not exist: C:/Users/dell/Desktop/ha_USBWebserver/root/favicon.ico
[Tue Jul 09 09:54:32 2019] [error] [client ::1] File does not exist: C:/Users/dell/Desktop/ha_USBWebserver/root/favicon.ico
[Tue Jul 09 10:04:33 2019] [error] [client ::1] File does not exist: C:/Users/dell/Desktop/ha_USBWebserver/root/favicon.ico
[Tue Jul 09 10:04:33 2019] [error] [client ::1] File does not exist: C:/Users/dell/Desktop/ha_USBWebserver/root/favicon.ico
[Tue Jul 09 10:04:37 2019] [error] [client ::1] File does not exist: C:/Users/dell/Desktop/ha_USBWebserver/root/favicon.ico, referer: http://localhost/111/
[Tue Jul 09 12:48:46 2019] [error] [client ::1] script 'C:/Users/dell/Desktop/ha_USBWebserver/root/111/gongzizengjia.php' not found or unable to stat, referer: http://localhost/111/gongziguanli.php
[Tue Jul 09 13:02:11 2019] [error] [client ::1] script 'C:/Users/dell/Desktop/ha_USBWebserver/root/111/gongzizengjia.php' not found or unable to stat, referer: http://localhost/111/gongziguanli.php
[Tue Jul 09 13:02:13 2019] [error] [client ::1] script 'C:/Users/dell/Desktop/ha_USBWebserver/root/111/gongzizengjia.php' not found or unable to stat, referer: http://localhost/111/gongziguanli.php
[Tue Jul 09 13:02:13 2019] [error] [client ::1] script 'C:/Users/dell/Desktop/ha_USBWebserver/root/111/gongzizengjia.php' not found or unable to stat, referer: http://localhost/111/gongziguanli.php
[Tue Jul 09 13:02:14 2019] [error] [client ::1] script 'C:/Users/dell/Desktop/ha_USBWebserver/root/111/gongzizengjia.php' not found or unable to stat, referer: http://localhost/111/gongziguanli.php
[Tue Jul 09 13:02:14 2019] [error] [client ::1] script 'C:/Users/dell/Desktop/ha_USBWebserver/root/111/gongzizengjia.php' not found or unable to stat, referer: http://localhost/111/gongziguanli.php
[Tue Jul 09 13:02:14 2019] [error] [client ::1] script 'C:/Users/dell/Desktop/ha_USBWebserver/root/111/gongzizengjia.php' not found or unable to stat, referer: http://localhost/111/gongziguanli.php
[Tue Jul 09 13:02:31 2019] [error] [client ::1] script 'C:/Users/dell/Desktop/ha_USBWebserver/root/111/gongzizengjia.php' not found or unable to stat, referer: http://localhost/111/gongziguanli.php
[Tue Jul 09 13:02:32 2019] [error] [client ::1] script 'C:/Users/dell/Desktop/ha_USBWebserver/root/111/gongzizengjia.php' not found or unable to stat, referer: http://localhost/111/gongziguanli.php
[Tue Jul 09 13:02:33 2019] [error] [client ::1] script 'C:/Users/dell/Desktop/ha_USBWebserver/root/111/gongzizengjia.php' not found or unable to stat, referer: http://localhost/111/gongziguanli.php
[Tue Jul 09 13:02:33 2019] [error] [client ::1] script 'C:/Users/dell/Desktop/ha_USBWebserver/root/111/gongzizengjia.php' not found or unable to stat, referer: http://localhost/111/gongziguanli.php
[Tue Jul 09 13:02:34 2019] [error] [client ::1] script 'C:/Users/dell/Desktop/ha_USBWebserver/root/111/gongzizengjia.php' not found or unable to stat, referer: http://localhost/111/gongziguanli.php
[Tue Jul 09 13:02:34 2019] [error] [client ::1] script 'C:/Users/dell/Desktop/ha_USBWebserver/root/111/gongzizengjia.php' not found or unable to stat, referer: http://localhost/111/gongziguanli.php
[Tue Jul 09 13:02:34 2019] [error] [client ::1] script 'C:/Users/dell/Desktop/ha_USBWebserver/root/111/gongzizengjia.php' not found or unable to stat, referer: http://localhost/111/gongziguanli.php
[Tue Jul 09 13:02:47 2019] [error] [client ::1] script 'C:/Users/dell/Desktop/ha_USBWebserver/root/111/gongzizengjia.php' not found or unable to stat, referer: http://localhost/111/gongziguanli.php
[Tue Jul 09 13:02:47 2019] [error] [client ::1] script 'C:/Users/dell/Desktop/ha_USBWebserver/root/111/gongzizengjia.php' not found or unable to stat, referer: http://localhost/111/gongziguanli.php
[Tue Jul 09 13:02:47 2019] [error] [client ::1] script 'C:/Users/dell/Desktop/ha_USBWebserver/root/111/gongzizengjia.php' not found or unable to stat, referer: http://localhost/111/gongziguanli.php
[Tue Jul 09 13:02:47 2019] [error] [client ::1] script 'C:/Users/dell/Desktop/ha_USBWebserver/root/111/gongzizengjia.php' not found or unable to stat, referer: http://localhost/111/gongziguanli.php
[Tue Jul 09 13:02:48 2019] [error] [client ::1] script 'C:/Users/dell/Desktop/ha_USBWebserver/root/111/gongzizengjia.php' not found or unable to stat, referer: http://localhost/111/gongziguanli.php
[Tue Jul 09 13:02:48 2019] [error] [client ::1] script 'C:/Users/dell/Desktop/ha_USBWebserver/root/111/gongzizengjia.php' not found or unable to stat, referer: http://localhost/111/gongziguanli.php
[Tue Jul 09 13:02:48 2019] [error] [client ::1] script 'C:/Users/dell/Desktop/ha_USBWebserver/root/111/gongzizengjia.php' not found or unable to stat, referer: http://localhost/111/gongziguanli.php
[Tue Jul 09 13:03:26 2019] [error] [client ::1] File does not exist: C:/Users/dell/Desktop/ha_USBWebserver/root/favicon.ico
[Tue Jul 09 13:06:26 2019] [error] [client ::1] script 'C:/Users/dell/Desktop/ha_USBWebserver/root/111/gongziguanliguanli.php' not found or unable to stat, referer: http://localhost/111/gongzizengjiawancheng.php
[Tue Jul 09 13:06:36 2019] [error] [client ::1] script 'C:/Users/dell/Desktop/ha_USBWebserver/root/111/gongziguanliguanli.php' not found or unable to stat, referer: http://localhost/111/gongzizengjiawancheng.php
[Tue Jul 09 13:07:25 2019] [error] [client ::1] script 'C:/Users/dell/Desktop/ha_USBWebserver/root/111/gongziguanliguanli.php' not found or unable to stat, referer: http://localhost/111/gongzizengjiawancheng.php
[Tue Jul 09 13:07:26 2019] [error] [client ::1] script 'C:/Users/dell/Desktop/ha_USBWebserver/root/111/gongziguanliguanli.php' not found or unable to stat, referer: http://localhost/111/gongzizengjiawancheng.php
[Tue Jul 09 13:07:27 2019] [error] [client ::1] script 'C:/Users/dell/Desktop/ha_USBWebserver/root/111/gongziguanliguanli.php' not found or unable to stat, referer: http://localhost/111/gongzizengjiawancheng.php
[Tue Jul 09 13:07:27 2019] [error] [client ::1] script 'C:/Users/dell/Desktop/ha_USBWebserver/root/111/gongziguanliguanli.php' not found or unable to stat, referer: http://localhost/111/gongzizengjiawancheng.php
[Tue Jul 09 13:07:27 2019] [error] [client ::1] script 'C:/Users/dell/Desktop/ha_USBWebserver/root/111/gongziguanliguanli.php' not found or unable to stat, referer: http://localhost/111/gongzizengjiawancheng.php
